#
# There is insufficient memory for the Java Runtime Environment to continue.
# Native memory allocation (mmap) failed to map 141557760 bytes for committing reserved memory.
# Possible reasons:
#   The system is out of physical RAM or swap space
#   In 32 bit mode, the process size limit was hit
# Possible solutions:
#   Reduce memory load on the system
#   Increase physical memory or swap space
#   Check if swap backing store is full
#   Use 64 bit Java on a 64 bit OS
#   Decrease Java heap size (-Xmx/-Xms)
#   Decrease number of Java threads
#   Decrease Java thread stack sizes (-Xss)
#   Set larger code cache with -XX:ReservedCodeCacheSize=
# This output file may be truncated or incomplete.
#
#  Out of Memory Error (os_linux.cpp:2627), pid=13422, tid=140331554076416
#
# JRE version: Java(TM) SE Runtime Environment (8.0_91-b14) (build 1.8.0_91-b14)
# Java VM: Java HotSpot(TM) 64-Bit Server VM (25.91-b14 mixed mode linux-amd64 compressed oops)
# Failed to write core dump. Core dumps have been disabled. To enable core dumping, try "ulimit -c unlimited" before starting Java again
#

---------------  T H R E A D  ---------------

Current thread (0x00007fa190078000):  VMThread [stack: 0x00007fa17c5e7000,0x00007fa17c6e8000] [id=13442]

Stack: [0x00007fa17c5e7000,0x00007fa17c6e8000],  sp=0x00007fa17c6e61e0,  free space=1020k
Native frames: (J=compiled Java code, j=interpreted, Vv=VM code, C=native code)
V  [libjvm.so+0xabc18a]  VMError::report_and_die()+0x2ba
V  [libjvm.so+0x4fafeb]  report_vm_out_of_memory(char const*, int, unsigned long, VMErrorType, char const*)+0x8b
V  [libjvm.so+0x91cbb3]  os::Linux::commit_memory_impl(char*, unsigned long, bool)+0x103
V  [libjvm.so+0x91d109]  os::pd_commit_memory(char*, unsigned long, unsigned long, bool)+0x29
V  [libjvm.so+0x91740a]  os::commit_memory(char*, unsigned long, unsigned long, bool)+0x2a
V  [libjvm.so+0x98b033]  PSVirtualSpace::expand_by(unsigned long)+0x53
V  [libjvm.so+0x98c438]  PSYoungGen::resize_generation(unsigned long, unsigned long)+0xf8
V  [libjvm.so+0x98b592]  PSYoungGen::resize(unsigned long, unsigned long)+0x22
V  [libjvm.so+0x98886b]  PSScavenge::invoke_no_policy()+0xf3b
V  [libjvm.so+0x988ff1]  PSScavenge::invoke()+0x41
V  [libjvm.so+0x9408b0]  ParallelScavengeHeap::failed_mem_allocate(unsigned long)+0x70
V  [libjvm.so+0xabdba7]  VM_ParallelGCFailedAllocation::doit()+0x97
V  [libjvm.so+0xac55d5]  VM_Operation::evaluate()+0x55
V  [libjvm.so+0xac39aa]  VMThread::evaluate_operation(VM_Operation*)+0xba
V  [libjvm.so+0xac3d2e]  VMThread::loop()+0x1ce
V  [libjvm.so+0xac41a0]  VMThread::run()+0x70
V  [libjvm.so+0x91ef78]  java_start(Thread*)+0x108

VM_Operation (0x00007fa196d8c4f0): ParallelGCFailedAllocation, mode: safepoint, requested by thread 0x00007fa19000a000


---------------  P R O C E S S  ---------------

Java Threads: ( => current thread )
  0x00007fa190146800 JavaThread "pool-1-thread-4" [_thread_blocked, id=13476, stack(0x00007fa177116000,0x00007fa177217000)]
  0x00007fa190145000 JavaThread "pool-1-thread-3" [_thread_blocked, id=13468, stack(0x00007fa177217000,0x00007fa177318000)]
  0x00007fa190144000 JavaThread "pool-1-thread-2" [_thread_blocked, id=13466, stack(0x00007fa177318000,0x00007fa177419000)]
  0x00007fa190140800 JavaThread "pool-2-thread-1" [_thread_blocked, id=13464, stack(0x00007fa177419000,0x00007fa17751a000)]
  0x00007fa19013e800 JavaThread "pool-1-thread-1" [_thread_blocked, id=13463, stack(0x00007fa17751a000,0x00007fa17761b000)]
  0x00007fa1900c0000 JavaThread "Service Thread" daemon [_thread_blocked, id=13453, stack(0x00007fa17771c000,0x00007fa17781d000)]
  0x00007fa1900bd000 JavaThread "C1 CompilerThread2" daemon [_thread_blocked, id=13452, stack(0x00007fa17781d000,0x00007fa17791e000)]
  0x00007fa1900bb800 JavaThread "C2 CompilerThread1" daemon [_thread_blocked, id=13451, stack(0x00007fa17c0e2000,0x00007fa17c1e3000)]
  0x00007fa1900b8800 JavaThread "C2 CompilerThread0" daemon [_thread_blocked, id=13450, stack(0x00007fa17c1e3000,0x00007fa17c2e4000)]
  0x00007fa1900b7000 JavaThread "Signal Dispatcher" daemon [_thread_blocked, id=13449, stack(0x00007fa17c2e4000,0x00007fa17c3e5000)]
  0x00007fa190084000 JavaThread "Finalizer" daemon [_thread_blocked, id=13445, stack(0x00007fa17c3e5000,0x00007fa17c4e6000)]
  0x00007fa19007f800 JavaThread "Reference Handler" daemon [_thread_blocked, id=13444, stack(0x00007fa17c4e6000,0x00007fa17c5e7000)]
  0x00007fa19000a000 JavaThread "main" [_thread_blocked, id=13427, stack(0x00007fa196c8e000,0x00007fa196d8f000)]

Other Threads:
=>0x00007fa190078000 VMThread [stack: 0x00007fa17c5e7000,0x00007fa17c6e8000] [id=13442]
  0x00007fa1900c3000 WatcherThread [stack: 0x00007fa17761b000,0x00007fa17771c000] [id=13454]

VM state:at safepoint (normal execution)

VM Mutex/Monitor currently owned by a thread:  ([mutex/lock_event])
[0x00007fa1900065e0] Threads_lock - owner thread: 0x00007fa190078000
[0x00007fa190006ae0] Heap_lock - owner thread: 0x00007fa19000a000

Heap:
 PSYoungGen      total 137728K, used 16890K [0x00000000eab00000, 0x00000000f4400000, 0x0000000100000000)
  eden space 120832K, 0% used [0x00000000eab00000,0x00000000eab00000,0x00000000f2100000)
  from space 16896K, 99% used [0x00000000f2100000,0x00000000f317e820,0x00000000f3180000)
  to   space 14848K, 0% used [0x00000000f3180000,0x00000000f3180000,0x00000000f4000000)
 ParOldGen       total 40960K, used 35108K [0x00000000c0000000, 0x00000000c2800000, 0x00000000eab00000)
  object space 40960K, 85% used [0x00000000c0000000,0x00000000c2249170,0x00000000c2800000)
 Metaspace       used 6337K, capacity 7192K, committed 7424K, reserved 1056768K
  class space    used 614K, capacity 656K, committed 768K, reserved 1048576K

Card table byte_map: [0x00007fa180824000,0x00007fa180a25000] byte_map_base: 0x00007fa180224000

Marking Bits: (ParMarkBitMap*) 0x00007fa19616ad60
 Begin Bits: [0x00007fa17e2ca000, 0x00007fa17f2ca000)
 End Bits:   [0x00007fa17f2ca000, 0x00007fa1802ca000)

Polling page: 0x00007fa196db3000

CodeCache: size=245760Kb used=7087Kb max_used=7087Kb free=238672Kb
 bounds [0x00007fa180de5000, 0x00007fa1814d5000, 0x00007fa18fde5000]
 total_blobs=2133 nmethods=1864 adapters=182
 compilation: enabled

Compilation events (10 events):
Event: 11.957 Thread 0x00007fa1900bd000 nmethod 2282 0x00007fa1814c8810 code [0x00007fa1814c8d80, 0x00007fa1814cc248]
Event: 11.957 Thread 0x00007fa1900bd000 2295 %     3       com.android.dx.cf.code.BaseMachine::popArgs @ 21 (127 bytes)
Event: 11.970 Thread 0x00007fa1900bd000 nmethod 2295% 0x00007fa1814ce490 code [0x00007fa1814ce7a0, 0x00007fa1814d01a8]
Event: 11.970 Thread 0x00007fa1900bd000 2298       3       com.android.dx.dex.code.RopTranslator::outputInstructions (69 bytes)
Event: 11.986 Thread 0x00007fa1900bd000 nmethod 2298 0x00007fa1814d0e10 code [0x00007fa1814d0fa0, 0x00007fa1814d13f8]
Event: 11.986 Thread 0x00007fa1900bd000 2297       3       com.android.dx.dex.code.BlockAddresses::setupArrays (113 bytes)
Event: 11.999 Thread 0x00007fa1900bd000 nmethod 2297 0x00007fa1814d15d0 code [0x00007fa1814d18a0, 0x00007fa1814d32b8]
Event: 11.999 Thread 0x00007fa1900bd000 2296       3       com.android.dx.rop.code.LocalVariableExtractor::doit (49 bytes)
Event: 12.000 Thread 0x00007fa1900bd000 nmethod 2296 0x00007fa1814d40d0 code [0x00007fa1814d4280, 0x00007fa1814d4738]
Event: 12.000 Thread 0x00007fa1900bd000 2283       3       com.android.dx.dex.cf.CfTranslator::translate0 (259 bytes)

GC Heap History (10 events):
Event: 3.055 GC heap after
Heap after GC invocations=2 (full 0):
 PSYoungGen      total 33280K, used 2535K [0x00000000eab00000, 0x00000000ece00000, 0x0000000100000000)
  eden space 30720K, 0% used [0x00000000eab00000,0x00000000eab00000,0x00000000ec900000)
  from space 2560K, 99% used [0x00000000ecb80000,0x00000000ecdf9e20,0x00000000ece00000)
  to   space 2560K, 0% used [0x00000000ec900000,0x00000000ec900000,0x00000000ecb80000)
 ParOldGen       total 40960K, used 2169K [0x00000000c0000000, 0x00000000c2800000, 0x00000000eab00000)
  object space 40960K, 5% used [0x00000000c0000000,0x00000000c021e5b0,0x00000000c2800000)
 Metaspace       used 5737K, capacity 6704K, committed 6784K, reserved 1056768K
  class space    used 591K, capacity 616K, committed 640K, reserved 1048576K
}
Event: 5.052 GC heap before
{Heap before GC invocations=3 (full 0):
 PSYoungGen      total 33280K, used 33255K [0x00000000eab00000, 0x00000000ece00000, 0x0000000100000000)
  eden space 30720K, 100% used [0x00000000eab00000,0x00000000ec900000,0x00000000ec900000)
  from space 2560K, 99% used [0x00000000ecb80000,0x00000000ecdf9e20,0x00000000ece00000)
  to   space 2560K, 0% used [0x00000000ec900000,0x00000000ec900000,0x00000000ecb80000)
 ParOldGen       total 40960K, used 2171K [0x00000000c0000000, 0x00000000c2800000, 0x00000000eab00000)
  object space 40960K, 5% used [0x00000000c0000000,0x00000000c021ee50,0x00000000c2800000)
 Metaspace       used 5878K, capacity 6832K, committed 7040K, reserved 1056768K
  class space    used 593K, capacity 616K, committed 640K, reserved 1048576K
Event: 5.085 GC heap after
Heap after GC invocations=3 (full 0):
 PSYoungGen      total 33280K, used 2529K [0x00000000eab00000, 0x00000000eec00000, 0x0000000100000000)
  eden space 30720K, 0% used [0x00000000eab00000,0x00000000eab00000,0x00000000ec900000)
  from space 2560K, 98% used [0x00000000ec900000,0x00000000ecb786e0,0x00000000ecb80000)
  to   space 2560K, 0% used [0x00000000ee980000,0x00000000ee980000,0x00000000eec00000)
 ParOldGen       total 40960K, used 7479K [0x00000000c0000000, 0x00000000c2800000, 0x00000000eab00000)
  object space 40960K, 18% used [0x00000000c0000000,0x00000000c074dd40,0x00000000c2800000)
 Metaspace       used 5878K, capacity 6832K, committed 7040K, reserved 1056768K
  class space    used 593K, capacity 616K, committed 640K, reserved 1048576K
}
Event: 6.283 GC heap before
{Heap before GC invocations=4 (full 0):
 PSYoungGen      total 33280K, used 33249K [0x00000000eab00000, 0x00000000eec00000, 0x0000000100000000)
  eden space 30720K, 100% used [0x00000000eab00000,0x00000000ec900000,0x00000000ec900000)
  from space 2560K, 98% used [0x00000000ec900000,0x00000000ecb786e0,0x00000000ecb80000)
  to   space 2560K, 0% used [0x00000000ee980000,0x00000000ee980000,0x00000000eec00000)
 ParOldGen       total 40960K, used 7479K [0x00000000c0000000, 0x00000000c2800000, 0x00000000eab00000)
  object space 40960K, 18% used [0x00000000c0000000,0x00000000c074dd40,0x00000000c2800000)
 Metaspace       used 5986K, capacity 6960K, committed 7040K, reserved 1056768K
  class space    used 594K, capacity 616K, committed 640K, reserved 1048576K
Event: 6.402 GC heap after
Heap after GC invocations=4 (full 0):
 PSYoungGen      total 64000K, used 2541K [0x00000000eab00000, 0x00000000eec00000, 0x0000000100000000)
  eden space 61440K, 0% used [0x00000000eab00000,0x00000000eab00000,0x00000000ee700000)
  from space 2560K, 99% used [0x00000000ee980000,0x00000000eebfb470,0x00000000eec00000)
  to   space 2560K, 0% used [0x00000000ee700000,0x00000000ee700000,0x00000000ee980000)
 ParOldGen       total 40960K, used 12786K [0x00000000c0000000, 0x00000000c2800000, 0x00000000eab00000)
  object space 40960K, 31% used [0x00000000c0000000,0x00000000c0c7cbc0,0x00000000c2800000)
 Metaspace       used 5986K, capacity 6960K, committed 7040K, reserved 1056768K
  class space    used 594K, capacity 616K, committed 640K, reserved 1048576K
}
Event: 7.899 GC heap before
{Heap before GC invocations=5 (full 0):
 PSYoungGen      total 64000K, used 63981K [0x00000000eab00000, 0x00000000eec00000, 0x0000000100000000)
  eden space 61440K, 100% used [0x00000000eab00000,0x00000000ee700000,0x00000000ee700000)
  from space 2560K, 99% used [0x00000000ee980000,0x00000000eebfb470,0x00000000eec00000)
  to   space 2560K, 0% used [0x00000000ee700000,0x00000000ee700000,0x00000000ee980000)
 ParOldGen       total 40960K, used 12786K [0x00000000c0000000, 0x00000000c2800000, 0x00000000eab00000)
  object space 40960K, 31% used [0x00000000c0000000,0x00000000c0c7cbc0,0x00000000c2800000)
 Metaspace       used 6035K, capacity 6960K, committed 7040K, reserved 1056768K
  class space    used 594K, capacity 616K, committed 640K, reserved 1048576K
Event: 7.979 GC heap after
Heap after GC invocations=5 (full 0):
 PSYoungGen      total 64000K, used 2545K [0x00000000eab00000, 0x00000000f4000000, 0x0000000100000000)
  eden space 61440K, 0% used [0x00000000eab00000,0x00000000eab00000,0x00000000ee700000)
  from space 2560K, 99% used [0x00000000ee700000,0x00000000ee97c6f0,0x00000000ee980000)
  to   space 14848K, 0% used [0x00000000f3180000,0x00000000f3180000,0x00000000f4000000)
 ParOldGen       total 40960K, used 22250K [0x00000000c0000000, 0x00000000c2800000, 0x00000000eab00000)
  object space 40960K, 54% used [0x00000000c0000000,0x00000000c15babb8,0x00000000c2800000)
 Metaspace       used 6035K, capacity 6960K, committed 7040K, reserved 1056768K
  class space    used 594K, capacity 616K, committed 640K, reserved 1048576K
}
Event: 9.392 GC heap before
{Heap before GC invocations=6 (full 0):
 PSYoungGen      total 64000K, used 63985K [0x00000000eab00000, 0x00000000f4000000, 0x0000000100000000)
  eden space 61440K, 100% used [0x00000000eab00000,0x00000000ee700000,0x00000000ee700000)
  from space 2560K, 99% used [0x00000000ee700000,0x00000000ee97c6f0,0x00000000ee980000)
  to   space 14848K, 0% used [0x00000000f3180000,0x00000000f3180000,0x00000000f4000000)
 ParOldGen       total 40960K, used 22250K [0x00000000c0000000, 0x00000000c2800000, 0x00000000eab00000)
  object space 40960K, 54% used [0x00000000c0000000,0x00000000c15babb8,0x00000000c2800000)
 Metaspace       used 6108K, capacity 7024K, committed 7296K, reserved 1056768K
  class space    used 594K, capacity 616K, committed 640K, reserved 1048576K
Event: 9.543 GC heap after
Heap after GC invocations=6 (full 0):
 PSYoungGen      total 135680K, used 12514K [0x00000000eab00000, 0x00000000f4400000, 0x0000000100000000)
  eden space 120832K, 0% used [0x00000000eab00000,0x00000000eab00000,0x00000000f2100000)
  from space 14848K, 84% used [0x00000000f3180000,0x00000000f3db88e0,0x00000000f4000000)
  to   space 16896K, 0% used [0x00000000f2100000,0x00000000f2100000,0x00000000f3180000)
 ParOldGen       total 40960K, used 22250K [0x00000000c0000000, 0x00000000c2800000, 0x00000000eab00000)
  object space 40960K, 54% used [0x00000000c0000000,0x00000000c15babb8,0x00000000c2800000)
 Metaspace       used 6108K, capacity 7024K, committed 7296K, reserved 1056768K
  class space    used 594K, capacity 616K, committed 640K, reserved 1048576K
}
Event: 12.027 GC heap before
{Heap before GC invocations=7 (full 0):
 PSYoungGen      total 135680K, used 133346K [0x00000000eab00000, 0x00000000f4400000, 0x0000000100000000)
  eden space 120832K, 100% used [0x00000000eab00000,0x00000000f2100000,0x00000000f2100000)
  from space 14848K, 84% used [0x00000000f3180000,0x00000000f3db88e0,0x00000000f4000000)
  to   space 16896K, 0% used [0x00000000f2100000,0x00000000f2100000,0x00000000f3180000)
 ParOldGen       total 40960K, used 22250K [0x00000000c0000000, 0x00000000c2800000, 0x00000000eab00000)
  object space 40960K, 54% used [0x00000000c0000000,0x00000000c15babb8,0x00000000c2800000)
 Metaspace       used 6337K, capacity 7192K, committed 7424K, reserved 1056768K
  class space    used 614K, capacity 656K, committed 768K, reserved 1048576K

Deoptimization events (10 events):
Event: 5.946 Thread 0x00007fa190144000 Uncommon trap: reason=bimorphic action=maybe_recompile pc=0x00007fa181076738 method=java.util.HashMap.getNode(ILjava/lang/Object;)Ljava/util/HashMap$Node; @ 126
Event: 5.946 Thread 0x00007fa190144000 Uncommon trap: reason=bimorphic action=maybe_recompile pc=0x00007fa181076738 method=java.util.HashMap.getNode(ILjava/lang/Object;)Ljava/util/HashMap$Node; @ 126
Event: 5.946 Thread 0x00007fa190144000 Uncommon trap: reason=bimorphic action=maybe_recompile pc=0x00007fa1810790bc method=java.util.HashMap.getNode(ILjava/lang/Object;)Ljava/util/HashMap$Node; @ 126
Event: 6.210 Thread 0x00007fa190146800 Uncommon trap: reason=unstable_if action=reinterpret pc=0x00007fa1811d0ffc method=com.android.dx.ssa.SsaMethod.updateOneDefinition(Lcom/android/dx/ssa/SsaInsn;Lcom/android/dx/rop/code/RegisterSpec;)V @ 4
Event: 7.723 Thread 0x00007fa19000a000 Uncommon trap: reason=unloaded action=reinterpret pc=0x00007fa18110c688 method=com.android.dx.cf.cst.ConstantPoolParser.parse0(ILjava/util/BitSet;)Lcom/android/dx/rop/cst/Constant; @ 198
Event: 8.653 Thread 0x00007fa19013e800 Uncommon trap: reason=unstable_if action=reinterpret pc=0x00007fa181350ec4 method=com.android.dx.ssa.SCCP.simulateStmt(Lcom/android/dx/ssa/SsaInsn;)V @ 53
Event: 8.715 Thread 0x00007fa19013e800 Uncommon trap: reason=bimorphic action=maybe_recompile pc=0x00007fa1813605ec method=java.util.HashMap.putVal(ILjava/lang/Object;Ljava/lang/Object;ZZ)Ljava/lang/Object; @ 203
Event: 9.771 Thread 0x00007fa19013e800 Uncommon trap: reason=unstable_if action=reinterpret pc=0x00007fa1813c41a8 method=com.android.dx.rop.code.LocalItem.compareHandlesNulls(Lcom/android/dx/rop/cst/CstString;Lcom/android/dx/rop/cst/CstString;)I @ 14
Event: 10.832 Thread 0x00007fa19000a000 Uncommon trap: reason=unstable_if action=reinterpret pc=0x00007fa18109e53c method=java.util.HashMap.putVal(ILjava/lang/Object;Ljava/lang/Object;ZZ)Ljava/lang/Object; @ 162
Event: 10.876 Thread 0x00007fa19000a000 Uncommon trap: reason=unstable_if action=reinterpret pc=0x00007fa1812c6c90 method=java.util.HashMap.getNode(ILjava/lang/Object;)Ljava/util/HashMap$Node; @ 84

Internal exceptions (7 events):
Event: 0.094 Thread 0x00007fa19000a000 Exception <a 'java/lang/NoSuchMethodError': Method sun.misc.Unsafe.defineClass(Ljava/lang/String;[BII)Ljava/lang/Class; name or signature does not match> (0x00000000eab07cc0) thrown at [/HUDSON/workspace/8-2-build-linux-amd64/jdk8u91/6644/hotspot/src/shar
Event: 0.094 Thread 0x00007fa19000a000 Exception <a 'java/lang/NoSuchMethodError': Method sun.misc.Unsafe.prefetchRead(Ljava/lang/Object;J)V name or signature does not match> (0x00000000eab07fa8) thrown at [/HUDSON/workspace/8-2-build-linux-amd64/jdk8u91/6644/hotspot/src/share/vm/prims/jni.cpp
Event: 3.244 Thread 0x00007fa190144000 Implicit null exception at 0x00007fa18107df22 to 0x00007fa18107e025
Event: 9.771 Thread 0x00007fa19013e800 Implicit null exception at 0x00007fa1813c2ebb to 0x00007fa1813c417d
Event: 10.853 Thread 0x00007fa19000a000 Exception <a 'java/lang/ArrayIndexOutOfBoundsException': 18> (0x00000000eed74e88) thrown at [/HUDSON/workspace/8-2-build-linux-amd64/jdk8u91/6644/hotspot/src/share/vm/interpreter/interpreterRuntime.cpp, line 366]
Event: 10.854 Thread 0x00007fa19000a000 Exception <a 'java/lang/ArrayIndexOutOfBoundsException': 145> (0x00000000eed76a08) thrown at [/HUDSON/workspace/8-2-build-linux-amd64/jdk8u91/6644/hotspot/src/share/vm/interpreter/interpreterRuntime.cpp, line 366]
Event: 10.855 Thread 0x00007fa19000a000 Exception <a 'java/lang/ArrayIndexOutOfBoundsException': 40> (0x00000000eed77cf0) thrown at [/HUDSON/workspace/8-2-build-linux-amd64/jdk8u91/6644/hotspot/src/share/vm/interpreter/interpreterRuntime.cpp, line 366]

Events (10 events):
Event: 11.764 Thread 0x00007fa19000a000 DEOPT UNPACKING pc=0x00007fa180e2c633 sp=0x00007fa196d8cc48 mode 0
Event: 11.799 Thread 0x00007fa19013e800 DEOPT PACKING pc=0x00007fa181361a27 sp=0x00007fa177619330
Event: 11.799 Thread 0x00007fa19013e800 DEOPT UNPACKING pc=0x00007fa180e2c633 sp=0x00007fa177619148 mode 0
Event: 11.965 Thread 0x00007fa190145000 DEOPT PACKING pc=0x00007fa1812c77c3 sp=0x00007fa177315fd0
Event: 11.965 Thread 0x00007fa190145000 DEOPT UNPACKING pc=0x00007fa180e2c633 sp=0x00007fa177315d40 mode 0
Event: 11.966 Thread 0x00007fa190145000 DEOPT PACKING pc=0x00007fa1812e582c sp=0x00007fa177315d70
Event: 11.966 Thread 0x00007fa190145000 DEOPT UNPACKING pc=0x00007fa180e2c633 sp=0x00007fa177315b58 mode 0
Event: 11.967 Thread 0x00007fa190145000 DEOPT PACKING pc=0x00007fa1812c662d sp=0x00007fa177315ee0
Event: 11.967 Thread 0x00007fa190145000 DEOPT UNPACKING pc=0x00007fa180e2c633 sp=0x00007fa177315c38 mode 0
Event: 12.025 Executing VM operation: ParallelGCFailedAllocation


Dynamic libraries:
00400000-00401000 r-xp 00000000 08:06 1069243                            /usr/lib/jvm/java-8-oracle/bin/java
00600000-00601000 rw-p 00000000 08:06 1069243                            /usr/lib/jvm/java-8-oracle/bin/java
007ba000-007db000 rw-p 00000000 00:00 0                                  [heap]
c0000000-c2800000 rw-p 00000000 00:00 0 
c2800000-eab00000 ---p 00000000 00:00 0 
eab00000-f4400000 rw-p 00000000 00:00 0 
fcb00000-100000000 ---p 00000000 00:00 0 
100000000-1000c0000 rw-p 00000000 00:00 0 
1000c0000-140000000 ---p 00000000 00:00 0 
7fa128000000-7fa128040000 rw-p 00000000 00:00 0 
7fa128040000-7fa12c000000 ---p 00000000 00:00 0 
7fa130000000-7fa130021000 rw-p 00000000 00:00 0 
7fa130021000-7fa134000000 ---p 00000000 00:00 0 
7fa134000000-7fa134021000 rw-p 00000000 00:00 0 
7fa134021000-7fa138000000 ---p 00000000 00:00 0 
7fa138000000-7fa138021000 rw-p 00000000 00:00 0 
7fa138021000-7fa13c000000 ---p 00000000 00:00 0 
7fa13c000000-7fa13c024000 rw-p 00000000 00:00 0 
7fa13c024000-7fa140000000 ---p 00000000 00:00 0 
7fa140000000-7fa140021000 rw-p 00000000 00:00 0 
7fa140021000-7fa144000000 ---p 00000000 00:00 0 
7fa144000000-7fa144021000 rw-p 00000000 00:00 0 
7fa144021000-7fa148000000 ---p 00000000 00:00 0 
7fa148000000-7fa14881c000 rw-p 00000000 00:00 0 
7fa14881c000-7fa14c000000 ---p 00000000 00:00 0 
7fa14c000000-7fa14c9b1000 rw-p 00000000 00:00 0 
7fa14c9b1000-7fa150000000 ---p 00000000 00:00 0 
7fa150000000-7fa150021000 rw-p 00000000 00:00 0 
7fa150021000-7fa154000000 ---p 00000000 00:00 0 
7fa154000000-7fa154612000 rw-p 00000000 00:00 0 
7fa154612000-7fa158000000 ---p 00000000 00:00 0 
7fa158000000-7fa158021000 rw-p 00000000 00:00 0 
7fa158021000-7fa15c000000 ---p 00000000 00:00 0 
7fa15c000000-7fa15c021000 rw-p 00000000 00:00 0 
7fa15c021000-7fa160000000 ---p 00000000 00:00 0 
7fa160000000-7fa160021000 rw-p 00000000 00:00 0 
7fa160021000-7fa164000000 ---p 00000000 00:00 0 
7fa164000000-7fa16428c000 rw-p 00000000 00:00 0 
7fa16428c000-7fa168000000 ---p 00000000 00:00 0 
7fa168000000-7fa168021000 rw-p 00000000 00:00 0 
7fa168021000-7fa16c000000 ---p 00000000 00:00 0 
7fa170000000-7fa170021000 rw-p 00000000 00:00 0 
7fa170021000-7fa174000000 ---p 00000000 00:00 0 
7fa177116000-7fa177119000 ---p 00000000 00:00 0 
7fa177119000-7fa177217000 rw-p 00000000 00:00 0                          [stack:13476]
7fa177217000-7fa17721a000 ---p 00000000 00:00 0 
7fa17721a000-7fa177318000 rw-p 00000000 00:00 0                          [stack:13468]
7fa177318000-7fa17731b000 ---p 00000000 00:00 0 
7fa17731b000-7fa177419000 rw-p 00000000 00:00 0                          [stack:13466]
7fa177419000-7fa17741c000 ---p 00000000 00:00 0 
7fa17741c000-7fa17751a000 rw-p 00000000 00:00 0                          [stack:13464]
7fa17751a000-7fa17751d000 ---p 00000000 00:00 0 
7fa17751d000-7fa17761b000 rw-p 00000000 00:00 0                          [stack:13463]
7fa17761b000-7fa17761c000 ---p 00000000 00:00 0 
7fa17761c000-7fa17771c000 rw-p 00000000 00:00 0                          [stack:13454]
7fa17771c000-7fa17771f000 ---p 00000000 00:00 0 
7fa17771f000-7fa17781d000 rw-p 00000000 00:00 0                          [stack:13453]
7fa17781d000-7fa177820000 ---p 00000000 00:00 0 
7fa177820000-7fa17791e000 rw-p 00000000 00:00 0                          [stack:13452]
7fa17791e000-7fa178000000 r--p 00000000 08:06 1056724                    /usr/lib/locale/locale-archive
7fa178000000-7fa178021000 rw-p 00000000 00:00 0 
7fa178021000-7fa17c000000 ---p 00000000 00:00 0 
7fa17c0cc000-7fa17c0e2000 r--s 000f1000 08:06 533558                     /home/balveer/AndroidStudioProjects/SlidingPuzzlev-3/app/build/intermediates/exploded-aar/com.android.support/support-v4/23.3.0/jars/classes.jar
7fa17c0e2000-7fa17c0e5000 ---p 00000000 00:00 0 
7fa17c0e5000-7fa17c1e3000 rw-p 00000000 00:00 0                          [stack:13451]
7fa17c1e3000-7fa17c1e6000 ---p 00000000 00:00 0 
7fa17c1e6000-7fa17c2e4000 rw-p 00000000 00:00 0                          [stack:13450]
7fa17c2e4000-7fa17c2e7000 ---p 00000000 00:00 0 
7fa17c2e7000-7fa17c3e5000 rw-p 00000000 00:00 0                          [stack:13449]
7fa17c3e5000-7fa17c3e8000 ---p 00000000 00:00 0 
7fa17c3e8000-7fa17c4e6000 rw-p 00000000 00:00 0                          [stack:13445]
7fa17c4e6000-7fa17c4e9000 ---p 00000000 00:00 0 
7fa17c4e9000-7fa17c5e7000 rw-p 00000000 00:00 0                          [stack:13444]
7fa17c5e7000-7fa17c5e8000 ---p 00000000 00:00 0 
7fa17c5e8000-7fa17d67b000 rw-p 00000000 00:00 0                          [stack:13442]
7fa17d67b000-7fa17d854000 r--s 03d1f000 08:06 1191354                    /usr/lib/jvm/java-8-oracle/jre/lib/rt.jar
7fa17d854000-7fa17df4a000 rw-p 00000000 00:00 0 
7fa17df4a000-7fa17e0ca000 ---p 00000000 00:00 0 
7fa17e0ca000-7fa1802ca000 rw-p 00000000 00:00 0 
7fa1802ca000-7fa1802cb000 ---p 00000000 00:00 0 
7fa1802cb000-7fa1803cb000 rw-p 00000000 00:00 0                          [stack:13436]
7fa1803cb000-7fa1803cc000 ---p 00000000 00:00 0 
7fa1803cc000-7fa1804cc000 rw-p 00000000 00:00 0                          [stack:13433]
7fa1804cc000-7fa1804cd000 ---p 00000000 00:00 0 
7fa1804cd000-7fa1805cd000 rw-p 00000000 00:00 0                          [stack:13431]
7fa1805cd000-7fa1805ce000 ---p 00000000 00:00 0 
7fa1805ce000-7fa1806e2000 rw-p 00000000 00:00 0                          [stack:13428]
7fa1806e2000-7fa180824000 ---p 00000000 00:00 0 
7fa180824000-7fa180838000 rw-p 00000000 00:00 0 
7fa180838000-7fa180979000 ---p 00000000 00:00 0 
7fa180979000-7fa1809c6000 rw-p 00000000 00:00 0 
7fa1809c6000-7fa180a24000 ---p 00000000 00:00 0 
7fa180a24000-7fa180a41000 rw-p 00000000 00:00 0 
7fa180a41000-7fa180de5000 ---p 00000000 00:00 0 
7fa180de5000-7fa1814d5000 rwxp 00000000 00:00 0 
7fa1814d5000-7fa18fde5000 ---p 00000000 00:00 0 
7fa18fde5000-7fa18fdff000 r-xp 00000000 08:06 1191428                    /usr/lib/jvm/java-8-oracle/jre/lib/amd64/libzip.so
7fa18fdff000-7fa18ffff000 ---p 0001a000 08:06 1191428                    /usr/lib/jvm/java-8-oracle/jre/lib/amd64/libzip.so
7fa18ffff000-7fa190000000 rw-p 0001a000 08:06 1191428                    /usr/lib/jvm/java-8-oracle/jre/lib/amd64/libzip.so
7fa190000000-7fa19038c000 rw-p 00000000 00:00 0 
7fa19038c000-7fa194000000 ---p 00000000 00:00 0 
7fa194000000-7fa19400f000 r--s 000df000 08:06 917880                     /home/balveer/Android/Sdk/build-tools/23.0.3/lib/dx.jar
7fa19400f000-7fa194030000 rw-p 00000000 00:00 0 
7fa194030000-7fa19403a000 r-xp 00000000 08:06 2363511                    /lib/x86_64-linux-gnu/libnss_files-2.19.so
7fa19403a000-7fa194239000 ---p 0000a000 08:06 2363511                    /lib/x86_64-linux-gnu/libnss_files-2.19.so
7fa194239000-7fa19423a000 r--p 00009000 08:06 2363511                    /lib/x86_64-linux-gnu/libnss_files-2.19.so
7fa19423a000-7fa19423b000 rw-p 0000a000 08:06 2363511                    /lib/x86_64-linux-gnu/libnss_files-2.19.so
7fa19423b000-7fa194246000 r-xp 00000000 08:06 2363476                    /lib/x86_64-linux-gnu/libnss_nis-2.19.so
7fa194246000-7fa194445000 ---p 0000b000 08:06 2363476                    /lib/x86_64-linux-gnu/libnss_nis-2.19.so
7fa194445000-7fa194446000 r--p 0000a000 08:06 2363476                    /lib/x86_64-linux-gnu/libnss_nis-2.19.so
7fa194446000-7fa194447000 rw-p 0000b000 08:06 2363476                    /lib/x86_64-linux-gnu/libnss_nis-2.19.so
7fa194447000-7fa19445e000 r-xp 00000000 08:06 2363436                    /lib/x86_64-linux-gnu/libnsl-2.19.so
7fa19445e000-7fa19465d000 ---p 00017000 08:06 2363436                    /lib/x86_64-linux-gnu/libnsl-2.19.so
7fa19465d000-7fa19465e000 r--p 00016000 08:06 2363436                    /lib/x86_64-linux-gnu/libnsl-2.19.so
7fa19465e000-7fa19465f000 rw-p 00017000 08:06 2363436                    /lib/x86_64-linux-gnu/libnsl-2.19.so
7fa19465f000-7fa194661000 rw-p 00000000 00:00 0 
7fa194661000-7fa19466a000 r-xp 00000000 08:06 2363432                    /lib/x86_64-linux-gnu/libnss_compat-2.19.so
7fa19466a000-7fa194869000 ---p 00009000 08:06 2363432                    /lib/x86_64-linux-gnu/libnss_compat-2.19.so
7fa194869000-7fa19486a000 r--p 00008000 08:06 2363432                    /lib/x86_64-linux-gnu/libnss_compat-2.19.so
7fa19486a000-7fa19486b000 rw-p 00009000 08:06 2363432                    /lib/x86_64-linux-gnu/libnss_compat-2.19.so
7fa19486b000-7fa194895000 r-xp 00000000 08:06 1191402                    /usr/lib/jvm/java-8-oracle/jre/lib/amd64/libjava.so
7fa194895000-7fa194a95000 ---p 0002a000 08:06 1191402                    /usr/lib/jvm/java-8-oracle/jre/lib/amd64/libjava.so
7fa194a95000-7fa194a97000 rw-p 0002a000 08:06 1191402                    /usr/lib/jvm/java-8-oracle/jre/lib/amd64/libjava.so
7fa194a97000-7fa194aa4000 r-xp 00000000 08:06 1191392                    /usr/lib/jvm/java-8-oracle/jre/lib/amd64/libverify.so
7fa194aa4000-7fa194ca4000 ---p 0000d000 08:06 1191392                    /usr/lib/jvm/java-8-oracle/jre/lib/amd64/libverify.so
7fa194ca4000-7fa194ca6000 rw-p 0000d000 08:06 1191392                    /usr/lib/jvm/java-8-oracle/jre/lib/amd64/libverify.so
7fa194ca6000-7fa194cad000 r-xp 00000000 08:06 2363499                    /lib/x86_64-linux-gnu/librt-2.19.so
7fa194cad000-7fa194eac000 ---p 00007000 08:06 2363499                    /lib/x86_64-linux-gnu/librt-2.19.so
7fa194eac000-7fa194ead000 r--p 00006000 08:06 2363499                    /lib/x86_64-linux-gnu/librt-2.19.so
7fa194ead000-7fa194eae000 rw-p 00007000 08:06 2363499                    /lib/x86_64-linux-gnu/librt-2.19.so
7fa194eae000-7fa194fb3000 r-xp 00000000 08:06 2363405                    /lib/x86_64-linux-gnu/libm-2.19.so
7fa194fb3000-7fa1951b2000 ---p 00105000 08:06 2363405                    /lib/x86_64-linux-gnu/libm-2.19.so
7fa1951b2000-7fa1951b3000 r--p 00104000 08:06 2363405                    /lib/x86_64-linux-gnu/libm-2.19.so
7fa1951b3000-7fa1951b4000 rw-p 00105000 08:06 2363405                    /lib/x86_64-linux-gnu/libm-2.19.so
7fa1951b4000-7fa195e74000 r-xp 00000000 08:06 1191417                    /usr/lib/jvm/java-8-oracle/jre/lib/amd64/server/libjvm.so
7fa195e74000-7fa196074000 ---p 00cc0000 08:06 1191417                    /usr/lib/jvm/java-8-oracle/jre/lib/amd64/server/libjvm.so
7fa196074000-7fa19614c000 rw-p 00cc0000 08:06 1191417                    /usr/lib/jvm/java-8-oracle/jre/lib/amd64/server/libjvm.so
7fa19614c000-7fa196197000 rw-p 00000000 00:00 0 
7fa196197000-7fa196351000 r-xp 00000000 08:06 2363501                    /lib/x86_64-linux-gnu/libc-2.19.so
7fa196351000-7fa196551000 ---p 001ba000 08:06 2363501                    /lib/x86_64-linux-gnu/libc-2.19.so
7fa196551000-7fa196555000 r--p 001ba000 08:06 2363501                    /lib/x86_64-linux-gnu/libc-2.19.so
7fa196555000-7fa196557000 rw-p 001be000 08:06 2363501                    /lib/x86_64-linux-gnu/libc-2.19.so
7fa196557000-7fa19655c000 rw-p 00000000 00:00 0 
7fa19655c000-7fa19655f000 r-xp 00000000 08:06 2363409                    /lib/x86_64-linux-gnu/libdl-2.19.so
7fa19655f000-7fa19675e000 ---p 00003000 08:06 2363409                    /lib/x86_64-linux-gnu/libdl-2.19.so
7fa19675e000-7fa19675f000 r--p 00002000 08:06 2363409                    /lib/x86_64-linux-gnu/libdl-2.19.so
7fa19675f000-7fa196760000 rw-p 00003000 08:06 2363409                    /lib/x86_64-linux-gnu/libdl-2.19.so
7fa196760000-7fa196775000 r-xp 00000000 08:06 1069432                    /usr/lib/jvm/java-8-oracle/lib/amd64/jli/libjli.so
7fa196775000-7fa196975000 ---p 00015000 08:06 1069432                    /usr/lib/jvm/java-8-oracle/lib/amd64/jli/libjli.so
7fa196975000-7fa196976000 rw-p 00015000 08:06 1069432                    /usr/lib/jvm/java-8-oracle/lib/amd64/jli/libjli.so
7fa196976000-7fa19698f000 r-xp 00000000 08:06 2363440                    /lib/x86_64-linux-gnu/libpthread-2.19.so
7fa19698f000-7fa196b8e000 ---p 00019000 08:06 2363440                    /lib/x86_64-linux-gnu/libpthread-2.19.so
7fa196b8e000-7fa196b8f000 r--p 00018000 08:06 2363440                    /lib/x86_64-linux-gnu/libpthread-2.19.so
7fa196b8f000-7fa196b90000 rw-p 00019000 08:06 2363440                    /lib/x86_64-linux-gnu/libpthread-2.19.so
7fa196b90000-7fa196b94000 rw-p 00000000 00:00 0 
7fa196b94000-7fa196bb7000 r-xp 00000000 08:06 2363443                    /lib/x86_64-linux-gnu/ld-2.19.so
7fa196bbc000-7fa196c8e000 rw-p 00000000 00:00 0 
7fa196c8e000-7fa196c91000 ---p 00000000 00:00 0 
7fa196c91000-7fa196d93000 rw-p 00000000 00:00 0                          [stack:13427]
7fa196d95000-7fa196daa000 rw-p 00000000 00:00 0 
7fa196daa000-7fa196db2000 rw-s 00000000 08:06 1600789                    /tmp/hsperfdata_balveer/13422
7fa196db2000-7fa196db3000 rw-p 00000000 00:00 0 
7fa196db3000-7fa196db4000 ---p 00000000 00:00 0 
7fa196db4000-7fa196db6000 rw-p 00000000 00:00 0 
7fa196db6000-7fa196db7000 r--p 00022000 08:06 2363443                    /lib/x86_64-linux-gnu/ld-2.19.so
7fa196db7000-7fa196db8000 rw-p 00023000 08:06 2363443                    /lib/x86_64-linux-gnu/ld-2.19.so
7fa196db8000-7fa196db9000 rw-p 00000000 00:00 0 
7ffdbd0ea000-7ffdbd10b000 rw-p 00000000 00:00 0                          [stack]
7ffdbd130000-7ffdbd132000 r-xp 00000000 00:00 0                          [vdso]
ffffffffff600000-ffffffffff601000 r-xp 00000000 00:00 0                  [vsyscall]

VM Arguments:
jvm_args: -Djava.awt.headless=true -Xmx1024M -Dfile.encoding=UTF-8 -Duser.country=IN -Duser.language=en -Duser.variant 
java_command: com.android.dx.command.Main --dex --force-jumbo --num-threads=4 --output /home/balveer/AndroidStudioProjects/SlidingPuzzlev-3/app/build/intermediates/pre-dexed/debug/com.android.support-support-v4-23.3.0_97f9a16c489a552657e4d0b1349f88748b173c0c.jar /home/balveer/AndroidStudioProjects/SlidingPuzzlev-3/app/build/intermediates/exploded-aar/com.android.support/support-v4/23.3.0/jars/classes.jar
java_class_path (initial): /home/balveer/Android/Sdk/build-tools/23.0.3/lib/dx.jar
Launcher Type: SUN_STANDARD

Environment Variables:
JAVA_HOME=/usr/lib/jvm/java-8-oracle
PATH=/home/balveer/.local/share/umake/bin:/usr/local/sbin:/usr/local/bin:/usr/sbin:/usr/bin:/sbin:/bin:/usr/games:/usr/local/games:/usr/lib/jvm/java-8-oracle/bin:/usr/lib/jvm/java-8-oracle/db/bin:/usr/lib/jvm/java-8-oracle/jre/bin:/home/balveer/ns-allinone-2.35/bin:/home/balveer/ns-allinone-2.35/tcl8.5.10/unix:/home/balveer/ns-allinone-2.35/tk8.5.10/unix:/home/balveer/ns-allinone-2.35/ns-2.35/:/home/balveer/ns-allinone-2.35/nam-1.15/:/opt/android-studio/bin/
LD_LIBRARY_PATH=/home/balveer/.local/share/umake/android/android-studio/bin::/home/balveer/ns-allinone-2.35/otcl-1.14:/home/balveer/ns-allinone-2.35/lib:/usr/X11R6/lib:/usr/local/lib
SHELL=/bin/bash
DISPLAY=:0

Signal Handlers:
SIGSEGV: [libjvm.so+0xabca10], sa_mask[0]=11111111011111111101111111111110, sa_flags=SA_RESTART|SA_SIGINFO
SIGBUS: [libjvm.so+0xabca10], sa_mask[0]=11111111011111111101111111111110, sa_flags=SA_RESTART|SA_SIGINFO
SIGFPE: [libjvm.so+0x919a20], sa_mask[0]=11111111011111111101111111111110, sa_flags=SA_RESTART|SA_SIGINFO
SIGPIPE: [libjvm.so+0x919a20], sa_mask[0]=11111111011111111101111111111110, sa_flags=SA_RESTART|SA_SIGINFO
SIGXFSZ: [libjvm.so+0x919a20], sa_mask[0]=11111111011111111101111111111110, sa_flags=SA_RESTART|SA_SIGINFO
SIGILL: [libjvm.so+0x919a20], sa_mask[0]=11111111011111111101111111111110, sa_flags=SA_RESTART|SA_SIGINFO
SIGUSR1: SIG_DFL, sa_mask[0]=00000000000000000000000000000000, sa_flags=none
SIGUSR2: [libjvm.so+0x91b050], sa_mask[0]=00100000000000000000000000000000, sa_flags=SA_RESTART|SA_SIGINFO
SIGHUP: [libjvm.so+0x91c450], sa_mask[0]=11111111011111111101111111111110, sa_flags=SA_RESTART|SA_SIGINFO
SIGINT: [libjvm.so+0x91c450], sa_mask[0]=11111111011111111101111111111110, sa_flags=SA_RESTART|SA_SIGINFO
SIGTERM: [libjvm.so+0x91c450], sa_mask[0]=11111111011111111101111111111110, sa_flags=SA_RESTART|SA_SIGINFO
SIGQUIT: [libjvm.so+0x91c450], sa_mask[0]=11111111011111111101111111111110, sa_flags=SA_RESTART|SA_SIGINFO


---------------  S Y S T E M  ---------------

OS:DISTRIB_ID=Ubuntu
DISTRIB_RELEASE=14.04
DISTRIB_CODENAME=trusty
DISTRIB_DESCRIPTION="Ubuntu 14.04.4 LTS"

uname:Linux 3.13.0-88-generic #135-Ubuntu SMP Wed Jun 8 21:10:42 UTC 2016 x86_64
libc:glibc 2.19 NPTL 2.19 
rlimit: STACK 8192k, CORE 0k, NPROC 29988, NOFILE 4096, AS infinity
load average:13.05 4.68 2.63

/proc/meminfo:
MemTotal:        3926424 kB
MemFree:          120800 kB
Buffers:             204 kB
Cached:           408712 kB
SwapCached:            0 kB
Active:          2874808 kB
Inactive:         397348 kB
Active(anon):    2867816 kB
Inactive(anon):   391688 kB
Active(file):       6992 kB
Inactive(file):     5660 kB
Unevictable:         536 kB
Mlocked:             536 kB
SwapTotal:             0 kB
SwapFree:              0 kB
Dirty:               284 kB
Writeback:             0 kB
AnonPages:       2864084 kB
Mapped:           472992 kB
Shmem:            395960 kB
Slab:              73828 kB
SReclaimable:      33616 kB
SUnreclaim:        40212 kB
KernelStack:        6120 kB
PageTables:        42540 kB
NFS_Unstable:          0 kB
Bounce:                0 kB
WritebackTmp:          0 kB
CommitLimit:     1963212 kB
Committed_AS:    6524532 kB
VmallocTotal:   34359738367 kB
VmallocUsed:      546488 kB
VmallocChunk:   34359171504 kB
HardwareCorrupted:     0 kB
AnonHugePages:   1103872 kB
HugePages_Total:       0
HugePages_Free:        0
HugePages_Rsvd:        0
HugePages_Surp:        0
Hugepagesize:       2048 kB
DirectMap4k:       73468 kB
DirectMap2M:     3999744 kB


CPU:total 4 (2 cores per cpu, 2 threads per core) family 6 model 58 stepping 9, cmov, cx8, fxsr, mmx, sse, sse2, sse3, ssse3, sse4.1, sse4.2, popcnt, avx, clmul, erms, ht, tsc, tscinvbit, tscinv

/proc/cpuinfo:
processor	: 0
vendor_id	: GenuineIntel
cpu family	: 6
model		: 58
model name	: Intel(R) Core(TM) i3-3217U CPU @ 1.80GHz
stepping	: 9
microcode	: 0x17
cpu MHz		: 1801.000
cache size	: 3072 KB
physical id	: 0
siblings	: 4
core id		: 0
cpu cores	: 2
apicid		: 0
initial apicid	: 0
fpu		: yes
fpu_exception	: yes
cpuid level	: 13
wp		: yes
flags		: fpu vme de pse tsc msr pae mce cx8 apic sep mtrr pge mca cmov pat pse36 clflush dts acpi mmx fxsr sse sse2 ss ht tm pbe syscall nx rdtscp lm constant_tsc arch_perfmon pebs bts rep_good nopl xtopology nonstop_tsc aperfmperf eagerfpu pni pclmulqdq dtes64 monitor ds_cpl vmx est tm2 ssse3 cx16 xtpr pdcm pcid sse4_1 sse4_2 x2apic popcnt tsc_deadline_timer xsave avx f16c lahf_lm ida arat epb xsaveopt pln pts dtherm tpr_shadow vnmi flexpriority ept vpid fsgsbase smep erms
bogomips	: 3591.73
clflush size	: 64
cache_alignment	: 64
address sizes	: 36 bits physical, 48 bits virtual
power management:

processor	: 1
vendor_id	: GenuineIntel
cpu family	: 6
model		: 58
model name	: Intel(R) Core(TM) i3-3217U CPU @ 1.80GHz
stepping	: 9
microcode	: 0x17
cpu MHz		: 1801.000
cache size	: 3072 KB
physical id	: 0
siblings	: 4
core id		: 0
cpu cores	: 2
apicid		: 1
initial apicid	: 1
fpu		: yes
fpu_exception	: yes
cpuid level	: 13
wp		: yes
flags		: fpu vme de pse tsc msr pae mce cx8 apic sep mtrr pge mca cmov pat pse36 clflush dts acpi mmx fxsr sse sse2 ss ht tm pbe syscall nx rdtscp lm constant_tsc arch_perfmon pebs bts rep_good nopl xtopology nonstop_tsc aperfmperf eagerfpu pni pclmulqdq dtes64 monitor ds_cpl vmx est tm2 ssse3 cx16 xtpr pdcm pcid sse4_1 sse4_2 x2apic popcnt tsc_deadline_timer xsave avx f16c lahf_lm ida arat epb xsaveopt pln pts dtherm tpr_shadow vnmi flexpriority ept vpid fsgsbase smep erms
bogomips	: 3591.73
clflush size	: 64
cache_alignment	: 64
address sizes	: 36 bits physical, 48 bits virtual
power management:

processor	: 2
vendor_id	: GenuineIntel
cpu family	: 6
model		: 58
model name	: Intel(R) Core(TM) i3-3217U CPU @ 1.80GHz
stepping	: 9
microcode	: 0x17
cpu MHz		: 1801.000
cache size	: 3072 KB
physical id	: 0
siblings	: 4
core id		: 1
cpu cores	: 2
apicid		: 2
initial apicid	: 2
fpu		: yes
fpu_exception	: yes
cpuid level	: 13
wp		: yes
flags		: fpu vme de pse tsc msr pae mce cx8 apic sep mtrr pge mca cmov pat pse36 clflush dts acpi mmx fxsr sse sse2 ss ht tm pbe syscall nx rdtscp lm constant_tsc arch_perfmon pebs bts rep_good nopl xtopology nonstop_tsc aperfmperf eagerfpu pni pclmulqdq dtes64 monitor ds_cpl vmx est tm2 ssse3 cx16 xtpr pdcm pcid sse4_1 sse4_2 x2apic popcnt tsc_deadline_timer xsave avx f16c lahf_lm ida arat epb xsaveopt pln pts dtherm tpr_shadow vnmi flexpriority ept vpid fsgsbase smep erms
bogomips	: 3591.73
clflush size	: 64
cache_alignment	: 64
address sizes	: 36 bits physical, 48 bits virtual
power management:

processor	: 3
vendor_id	: GenuineIntel
cpu family	: 6
model		: 58
model name	: Intel(R) Core(TM) i3-3217U CPU @ 1.80GHz
stepping	: 9
microcode	: 0x17
cpu MHz		: 1801.000
cache size	: 3072 KB
physical id	: 0
siblings	: 4
core id		: 1
cpu cores	: 2
apicid		: 3
initial apicid	: 3
fpu		: yes
fpu_exception	: yes
cpuid level	: 13
wp		: yes
flags		: fpu vme de pse tsc msr pae mce cx8 apic sep mtrr pge mca cmov pat pse36 clflush dts acpi mmx fxsr sse sse2 ss ht tm pbe syscall nx rdtscp lm constant_tsc arch_perfmon pebs bts rep_good nopl xtopology nonstop_tsc aperfmperf eagerfpu pni pclmulqdq dtes64 monitor ds_cpl vmx est tm2 ssse3 cx16 xtpr pdcm pcid sse4_1 sse4_2 x2apic popcnt tsc_deadline_timer xsave avx f16c lahf_lm ida arat epb xsaveopt pln pts dtherm tpr_shadow vnmi flexpriority ept vpid fsgsbase smep erms
bogomips	: 3591.73
clflush size	: 64
cache_alignment	: 64
address sizes	: 36 bits physical, 48 bits virtual
power management:



Memory: 4k page, physical 3926424k(120800k free), swap 0k(0k free)

vm_info: Java HotSpot(TM) 64-Bit Server VM (25.91-b14) for linux-amd64 JRE (1.8.0_91-b14), built on Apr  1 2016 00:57:21 by "java_re" with gcc 4.3.0 20080428 (Red Hat 4.3.0-8)

time: Fri Jun 24 23:28:55 2016
elapsed time: 33 seconds (0d 0h 0m 33s)

