#
# There is insufficient memory for the Java Runtime Environment to continue.
# Native memory allocation (mmap) failed to map 141557760 bytes for committing reserved memory.
# Possible reasons:
#   The system is out of physical RAM or swap space
#   In 32 bit mode, the process size limit was hit
# Possible solutions:
#   Reduce memory load on the system
#   Increase physical memory or swap space
#   Check if swap backing store is full
#   Use 64 bit Java on a 64 bit OS
#   Decrease Java heap size (-Xmx/-Xms)
#   Decrease number of Java threads
#   Decrease Java thread stack sizes (-Xss)
#   Set larger code cache with -XX:ReservedCodeCacheSize=
# This output file may be truncated or incomplete.
#
#  Out of Memory Error (os_linux.cpp:2627), pid=13794, tid=140152679671552
#
# JRE version: Java(TM) SE Runtime Environment (8.0_91-b14) (build 1.8.0_91-b14)
# Java VM: Java HotSpot(TM) 64-Bit Server VM (25.91-b14 mixed mode linux-amd64 compressed oops)
# Failed to write core dump. Core dumps have been disabled. To enable core dumping, try "ulimit -c unlimited" before starting Java again
#

---------------  T H R E A D  ---------------

Current thread (0x00007f77e8078000):  VMThread [stack: 0x00007f77d69fa000,0x00007f77d6afb000] [id=13812]

Stack: [0x00007f77d69fa000,0x00007f77d6afb000],  sp=0x00007f77d6af8fe0,  free space=1019k
Native frames: (J=compiled Java code, j=interpreted, Vv=VM code, C=native code)
V  [libjvm.so+0xabc18a]  VMError::report_and_die()+0x2ba
V  [libjvm.so+0x4fafeb]  report_vm_out_of_memory(char const*, int, unsigned long, VMErrorType, char const*)+0x8b
V  [libjvm.so+0x91cbb3]  os::Linux::commit_memory_impl(char*, unsigned long, bool)+0x103
V  [libjvm.so+0x91d109]  os::pd_commit_memory(char*, unsigned long, unsigned long, bool)+0x29
V  [libjvm.so+0x91740a]  os::commit_memory(char*, unsigned long, unsigned long, bool)+0x2a
V  [libjvm.so+0x98b033]  PSVirtualSpace::expand_by(unsigned long)+0x53
V  [libjvm.so+0x98c438]  PSYoungGen::resize_generation(unsigned long, unsigned long)+0xf8
V  [libjvm.so+0x98b592]  PSYoungGen::resize(unsigned long, unsigned long)+0x22
V  [libjvm.so+0x98886b]  PSScavenge::invoke_no_policy()+0xf3b
V  [libjvm.so+0x988ff1]  PSScavenge::invoke()+0x41
V  [libjvm.so+0x9408b0]  ParallelScavengeHeap::failed_mem_allocate(unsigned long)+0x70
V  [libjvm.so+0xabdba7]  VM_ParallelGCFailedAllocation::doit()+0x97
V  [libjvm.so+0xac55d5]  VM_Operation::evaluate()+0x55
V  [libjvm.so+0xac39aa]  VMThread::evaluate_operation(VM_Operation*)+0xba
V  [libjvm.so+0xac3d2e]  VMThread::loop()+0x1ce
V  [libjvm.so+0xac41a0]  VMThread::run()+0x70
V  [libjvm.so+0x91ef78]  java_start(Thread*)+0x108

VM_Operation (0x00007f77d580aa40): ParallelGCFailedAllocation, mode: safepoint, requested by thread 0x00007f77e814f000


---------------  P R O C E S S  ---------------

Java Threads: ( => current thread )
  0x00007f77e814f000 JavaThread "pool-1-thread-3" [_thread_blocked, id=13849, stack(0x00007f77d570c000,0x00007f77d580d000)]
  0x00007f77e8142800 JavaThread "pool-2-thread-1" [_thread_blocked, id=13847, stack(0x00007f77d590e000,0x00007f77d5a0f000)]
  0x00007f77e80c0000 JavaThread "Service Thread" daemon [_thread_blocked, id=13819, stack(0x00007f77d5c11000,0x00007f77d5d12000)]
  0x00007f77e80bd000 JavaThread "C1 CompilerThread2" daemon [_thread_blocked, id=13818, stack(0x00007f77d5d12000,0x00007f77d5e13000)]
  0x00007f77e80bb800 JavaThread "C2 CompilerThread1" daemon [_thread_blocked, id=13817, stack(0x00007f77d5e13000,0x00007f77d5f14000)]
  0x00007f77e80b8800 JavaThread "C2 CompilerThread0" daemon [_thread_blocked, id=13816, stack(0x00007f77d5f14000,0x00007f77d6015000)]
  0x00007f77e80b7000 JavaThread "Signal Dispatcher" daemon [_thread_blocked, id=13815, stack(0x00007f77d6015000,0x00007f77d6116000)]
  0x00007f77e8084000 JavaThread "Finalizer" daemon [_thread_blocked, id=13814, stack(0x00007f77d67f8000,0x00007f77d68f9000)]
  0x00007f77e807f800 JavaThread "Reference Handler" daemon [_thread_blocked, id=13813, stack(0x00007f77d68f9000,0x00007f77d69fa000)]
  0x00007f77e800a000 JavaThread "main" [_thread_blocked, id=13800, stack(0x00007f77f116d000,0x00007f77f126e000)]

Other Threads:
=>0x00007f77e8078000 VMThread [stack: 0x00007f77d69fa000,0x00007f77d6afb000] [id=13812]
  0x00007f77e80c3000 WatcherThread [stack: 0x00007f77d5b10000,0x00007f77d5c11000] [id=13820]

VM state:at safepoint (normal execution)

VM Mutex/Monitor currently owned by a thread:  ([mutex/lock_event])
[0x00007f77e80065e0] Threads_lock - owner thread: 0x00007f77e8078000
[0x00007f77e8006ae0] Heap_lock - owner thread: 0x00007f77e814f000

Heap:
 PSYoungGen      total 136192K, used 14327K [0x00000000eab00000, 0x00000000f3f00000, 0x0000000100000000)
  eden space 121856K, 0% used [0x00000000eab00000,0x00000000eab00000,0x00000000f2200000)
  from space 14336K, 99% used [0x00000000f2200000,0x00000000f2ffdf48,0x00000000f3000000)
  to   space 13312K, 0% used [0x00000000f3000000,0x00000000f3000000,0x00000000f3d00000)
 ParOldGen       total 40960K, used 33960K [0x00000000c0000000, 0x00000000c2800000, 0x00000000eab00000)
  object space 40960K, 82% used [0x00000000c0000000,0x00000000c212a268,0x00000000c2800000)
 Metaspace       used 6294K, capacity 7128K, committed 7424K, reserved 1056768K
  class space    used 616K, capacity 656K, committed 768K, reserved 1048576K

Card table byte_map: [0x00007f77edd33000,0x00007f77edf34000] byte_map_base: 0x00007f77ed733000

Marking Bits: (ParMarkBitMap*) 0x00007f77f0649d60
 Begin Bits: [0x00007f77d7000000, 0x00007f77d8000000)
 End Bits:   [0x00007f77d8000000, 0x00007f77d9000000)

Polling page: 0x00007f77f1292000

CodeCache: size=245760Kb used=6597Kb max_used=6621Kb free=239162Kb
 bounds [0x00007f77d9000000, 0x00007f77d9680000, 0x00007f77e8000000]
 total_blobs=1946 nmethods=1678 adapters=182
 compilation: enabled

Compilation events (10 events):
Event: 10.560 Thread 0x00007f77e80bd000 2106       2       com.android.dx.rop.type.Type::getComponentType (70 bytes)
Event: 10.562 Thread 0x00007f77e80bd000 nmethod 2106 0x00007f77d9668510 code [0x00007f77d96686e0, 0x00007f77d9668bc8]
Event: 10.582 Thread 0x00007f77e80bd000 2107       3       com.android.dx.cf.code.Ropper::getRopMethod (64 bytes)
Event: 10.584 Thread 0x00007f77e80bd000 nmethod 2107 0x00007f77d96702d0 code [0x00007f77d9670520, 0x00007f77d9671258]
Event: 10.594 Thread 0x00007f77e80b8800 nmethod 1543 0x00007f77d9671ad0 code [0x00007f77d96720e0, 0x00007f77d96766d0]
Event: 10.594 Thread 0x00007f77e80b8800 1945       4       java.util.HashMap::getNode (148 bytes)
Event: 10.622 Thread 0x00007f77e80b8800 nmethod 1945 0x00007f77d966bf50 code [0x00007f77d966c100, 0x00007f77d966c728]
Event: 10.622 Thread 0x00007f77e80b8800 1923       4       com.android.dx.ssa.SsaRenamer$BlockRenamer::process (191 bytes)
Event: 10.694 Thread 0x00007f77e80bd000 2111       1       com.android.dx.ssa.LiteralOpUpgrader$1::visitPhiInsn (1 bytes)
Event: 10.694 Thread 0x00007f77e80bd000 nmethod 2111 0x00007f77d966bc90 code [0x00007f77d966bde0, 0x00007f77d966bef0]

GC Heap History (10 events):
Event: 3.003 GC heap after
Heap after GC invocations=2 (full 0):
 PSYoungGen      total 33280K, used 2536K [0x00000000eab00000, 0x00000000ece00000, 0x0000000100000000)
  eden space 30720K, 0% used [0x00000000eab00000,0x00000000eab00000,0x00000000ec900000)
  from space 2560K, 99% used [0x00000000ecb80000,0x00000000ecdfa2d0,0x00000000ece00000)
  to   space 2560K, 0% used [0x00000000ec900000,0x00000000ec900000,0x00000000ecb80000)
 ParOldGen       total 40960K, used 2551K [0x00000000c0000000, 0x00000000c2800000, 0x00000000eab00000)
  object space 40960K, 6% used [0x00000000c0000000,0x00000000c027dcc0,0x00000000c2800000)
 Metaspace       used 5801K, capacity 6768K, committed 7040K, reserved 1056768K
  class space    used 593K, capacity 616K, committed 640K, reserved 1048576K
}
Event: 4.694 GC heap before
{Heap before GC invocations=3 (full 0):
 PSYoungGen      total 33280K, used 33256K [0x00000000eab00000, 0x00000000ece00000, 0x0000000100000000)
  eden space 30720K, 100% used [0x00000000eab00000,0x00000000ec900000,0x00000000ec900000)
  from space 2560K, 99% used [0x00000000ecb80000,0x00000000ecdfa2d0,0x00000000ece00000)
  to   space 2560K, 0% used [0x00000000ec900000,0x00000000ec900000,0x00000000ecb80000)
 ParOldGen       total 40960K, used 2551K [0x00000000c0000000, 0x00000000c2800000, 0x00000000eab00000)
  object space 40960K, 6% used [0x00000000c0000000,0x00000000c027dcc0,0x00000000c2800000)
 Metaspace       used 5862K, capacity 6832K, committed 7040K, reserved 1056768K
  class space    used 594K, capacity 616K, committed 640K, reserved 1048576K
Event: 4.767 GC heap after
Heap after GC invocations=3 (full 0):
 PSYoungGen      total 33280K, used 2560K [0x00000000eab00000, 0x00000000eec00000, 0x0000000100000000)
  eden space 30720K, 0% used [0x00000000eab00000,0x00000000eab00000,0x00000000ec900000)
  from space 2560K, 100% used [0x00000000ec900000,0x00000000ecb80000,0x00000000ecb80000)
  to   space 2560K, 0% used [0x00000000ee980000,0x00000000ee980000,0x00000000eec00000)
 ParOldGen       total 40960K, used 7119K [0x00000000c0000000, 0x00000000c2800000, 0x00000000eab00000)
  object space 40960K, 17% used [0x00000000c0000000,0x00000000c06f3d10,0x00000000c2800000)
 Metaspace       used 5862K, capacity 6832K, committed 7040K, reserved 1056768K
  class space    used 594K, capacity 616K, committed 640K, reserved 1048576K
}
Event: 5.652 GC heap before
{Heap before GC invocations=4 (full 0):
 PSYoungGen      total 33280K, used 33280K [0x00000000eab00000, 0x00000000eec00000, 0x0000000100000000)
  eden space 30720K, 100% used [0x00000000eab00000,0x00000000ec900000,0x00000000ec900000)
  from space 2560K, 100% used [0x00000000ec900000,0x00000000ecb80000,0x00000000ecb80000)
  to   space 2560K, 0% used [0x00000000ee980000,0x00000000ee980000,0x00000000eec00000)
 ParOldGen       total 40960K, used 7119K [0x00000000c0000000, 0x00000000c2800000, 0x00000000eab00000)
  object space 40960K, 17% used [0x00000000c0000000,0x00000000c06f3d10,0x00000000c2800000)
 Metaspace       used 5900K, capacity 6896K, committed 7040K, reserved 1056768K
  class space    used 594K, capacity 616K, committed 640K, reserved 1048576K
Event: 5.781 GC heap after
Heap after GC invocations=4 (full 0):
 PSYoungGen      total 64000K, used 2559K [0x00000000eab00000, 0x00000000eec00000, 0x0000000100000000)
  eden space 61440K, 0% used [0x00000000eab00000,0x00000000eab00000,0x00000000ee700000)
  from space 2560K, 99% used [0x00000000ee980000,0x00000000eebfff18,0x00000000eec00000)
  to   space 2560K, 0% used [0x00000000ee700000,0x00000000ee700000,0x00000000ee980000)
 ParOldGen       total 40960K, used 11890K [0x00000000c0000000, 0x00000000c2800000, 0x00000000eab00000)
  object space 40960K, 29% used [0x00000000c0000000,0x00000000c0b9c8f0,0x00000000c2800000)
 Metaspace       used 5900K, capacity 6896K, committed 7040K, reserved 1056768K
  class space    used 594K, capacity 616K, committed 640K, reserved 1048576K
}
Event: 7.202 GC heap before
{Heap before GC invocations=5 (full 0):
 PSYoungGen      total 64000K, used 63999K [0x00000000eab00000, 0x00000000eec00000, 0x0000000100000000)
  eden space 61440K, 100% used [0x00000000eab00000,0x00000000ee700000,0x00000000ee700000)
  from space 2560K, 99% used [0x00000000ee980000,0x00000000eebfff18,0x00000000eec00000)
  to   space 2560K, 0% used [0x00000000ee700000,0x00000000ee700000,0x00000000ee980000)
 ParOldGen       total 40960K, used 11890K [0x00000000c0000000, 0x00000000c2800000, 0x00000000eab00000)
  object space 40960K, 29% used [0x00000000c0000000,0x00000000c0b9c8f0,0x00000000c2800000)
 Metaspace       used 6067K, capacity 7000K, committed 7168K, reserved 1056768K
  class space    used 614K, capacity 656K, committed 768K, reserved 1048576K
Event: 7.348 GC heap after
Heap after GC invocations=5 (full 0):
 PSYoungGen      total 64000K, used 2550K [0x00000000eab00000, 0x00000000f3d00000, 0x0000000100000000)
  eden space 61440K, 0% used [0x00000000eab00000,0x00000000eab00000,0x00000000ee700000)
  from space 2560K, 99% used [0x00000000ee700000,0x00000000ee97d958,0x00000000ee980000)
  to   space 13312K, 0% used [0x00000000f3000000,0x00000000f3000000,0x00000000f3d00000)
 ParOldGen       total 40960K, used 21707K [0x00000000c0000000, 0x00000000c2800000, 0x00000000eab00000)
  object space 40960K, 52% used [0x00000000c0000000,0x00000000c1532cd0,0x00000000c2800000)
 Metaspace       used 6067K, capacity 7000K, committed 7168K, reserved 1056768K
  class space    used 614K, capacity 656K, committed 768K, reserved 1048576K
}
Event: 8.341 GC heap before
{Heap before GC invocations=6 (full 0):
 PSYoungGen      total 64000K, used 63990K [0x00000000eab00000, 0x00000000f3d00000, 0x0000000100000000)
  eden space 61440K, 100% used [0x00000000eab00000,0x00000000ee700000,0x00000000ee700000)
  from space 2560K, 99% used [0x00000000ee700000,0x00000000ee97d958,0x00000000ee980000)
  to   space 13312K, 0% used [0x00000000f3000000,0x00000000f3000000,0x00000000f3d00000)
 ParOldGen       total 40960K, used 21707K [0x00000000c0000000, 0x00000000c2800000, 0x00000000eab00000)
  object space 40960K, 52% used [0x00000000c0000000,0x00000000c1532cd0,0x00000000c2800000)
 Metaspace       used 6113K, capacity 7000K, committed 7168K, reserved 1056768K
  class space    used 614K, capacity 656K, committed 768K, reserved 1048576K
Event: 8.548 GC heap after
Heap after GC invocations=6 (full 0):
 PSYoungGen      total 135168K, used 11088K [0x00000000eab00000, 0x00000000f3f00000, 0x0000000100000000)
  eden space 121856K, 0% used [0x00000000eab00000,0x00000000eab00000,0x00000000f2200000)
  from space 13312K, 83% used [0x00000000f3000000,0x00000000f3ad4068,0x00000000f3d00000)
  to   space 14336K, 0% used [0x00000000f2200000,0x00000000f2200000,0x00000000f3000000)
 ParOldGen       total 40960K, used 21707K [0x00000000c0000000, 0x00000000c2800000, 0x00000000eab00000)
  object space 40960K, 52% used [0x00000000c0000000,0x00000000c1532cd0,0x00000000c2800000)
 Metaspace       used 6113K, capacity 7000K, committed 7168K, reserved 1056768K
  class space    used 614K, capacity 656K, committed 768K, reserved 1048576K
}
Event: 10.706 GC heap before
{Heap before GC invocations=7 (full 0):
 PSYoungGen      total 135168K, used 132944K [0x00000000eab00000, 0x00000000f3f00000, 0x0000000100000000)
  eden space 121856K, 100% used [0x00000000eab00000,0x00000000f2200000,0x00000000f2200000)
  from space 13312K, 83% used [0x00000000f3000000,0x00000000f3ad4068,0x00000000f3d00000)
  to   space 14336K, 0% used [0x00000000f2200000,0x00000000f2200000,0x00000000f3000000)
 ParOldGen       total 40960K, used 21707K [0x00000000c0000000, 0x00000000c2800000, 0x00000000eab00000)
  object space 40960K, 52% used [0x00000000c0000000,0x00000000c1532cd0,0x00000000c2800000)
 Metaspace       used 6294K, capacity 7128K, committed 7424K, reserved 1056768K
  class space    used 616K, capacity 656K, committed 768K, reserved 1048576K

Deoptimization events (10 events):
Event: 4.550 Thread 0x00007f77e8150800 Uncommon trap: reason=unstable_if action=reinterpret pc=0x00007f77d926465c method=com.android.dx.rop.cst.Constant.compareTo(Lcom/android/dx/rop/cst/Constant;)I @ 12
Event: 5.424 Thread 0x00007f77e8150800 Uncommon trap: reason=unstable_if action=reinterpret pc=0x00007f77d93b2404 method=com.android.dx.ssa.SsaRenamer$BlockRenamer.visitMoveInsn(Lcom/android/dx/ssa/NormalSsaInsn;)V @ 104
Event: 5.855 Thread 0x00007f77e8140000 Uncommon trap: reason=unstable_if action=reinterpret pc=0x00007f77d93a0b84 method=com.android.dx.util.IntList.binarysearch(I)I @ 105
Event: 6.155 Thread 0x00007f77e800a000 Uncommon trap: reason=unstable_if action=reinterpret pc=0x00007f77d92eb6a0 method=java.util.HashMap.putVal(ILjava/lang/Object;Ljava/lang/Object;ZZ)Ljava/lang/Object; @ 162
Event: 6.179 Thread 0x00007f77e800a000 Uncommon trap: reason=unstable_if action=reinterpret pc=0x00007f77d922156c method=java.util.HashMap.getNode(ILjava/lang/Object;)Ljava/util/HashMap$Node; @ 84
Event: 6.212 Thread 0x00007f77e814f000 Uncommon trap: reason=unstable_if action=reinterpret pc=0x00007f77d93a96fc method=com.android.dx.ssa.SsaMethod.updateOneDefinition(Lcom/android/dx/ssa/SsaInsn;Lcom/android/dx/rop/code/RegisterSpec;)V @ 4
Event: 6.281 Thread 0x00007f77e8140000 Uncommon trap: reason=unstable_if action=reinterpret pc=0x00007f77d921fff4 method=java.util.HashMap.getNode(ILjava/lang/Object;)Ljava/util/HashMap$Node; @ 84
Event: 7.615 Thread 0x00007f77e814f000 Uncommon trap: reason=unstable_if action=reinterpret pc=0x00007f77d942bc24 method=java.util.HashMap.putVal(ILjava/lang/Object;Ljava/lang/Object;ZZ)Ljava/lang/Object; @ 109
Event: 7.798 Thread 0x00007f77e8140000 Uncommon trap: reason=unstable_if action=reinterpret pc=0x00007f77d94f14a0 method=com.android.dx.ssa.SCCP.simulateStmt(Lcom/android/dx/ssa/SsaInsn;)V @ 59
Event: 9.409 Thread 0x00007f77e814f000 Uncommon trap: reason=unstable_if action=reinterpret pc=0x00007f77d93a7a08 method=com.android.dx.dex.code.OutputFinisher.hasLocalInfo(Lcom/android/dx/dex/code/DalvInsn;)Z @ 24

Internal exceptions (6 events):
Event: 0.096 Thread 0x00007f77e800a000 Exception <a 'java/lang/NoSuchMethodError': Method sun.misc.Unsafe.defineClass(Ljava/lang/String;[BII)Ljava/lang/Class; name or signature does not match> (0x00000000eab07cc0) thrown at [/HUDSON/workspace/8-2-build-linux-amd64/jdk8u91/6644/hotspot/src/shar
Event: 0.096 Thread 0x00007f77e800a000 Exception <a 'java/lang/NoSuchMethodError': Method sun.misc.Unsafe.prefetchRead(Ljava/lang/Object;J)V name or signature does not match> (0x00000000eab07fa8) thrown at [/HUDSON/workspace/8-2-build-linux-amd64/jdk8u91/6644/hotspot/src/share/vm/prims/jni.cpp
Event: 3.325 Thread 0x00007f77e814f000 Implicit null exception at 0x00007f77d92c6169 to 0x00007f77d92c9009
Event: 6.176 Thread 0x00007f77e800a000 Exception <a 'java/lang/ArrayIndexOutOfBoundsException': 18> (0x00000000ebb151f0) thrown at [/HUDSON/workspace/8-2-build-linux-amd64/jdk8u91/6644/hotspot/src/share/vm/interpreter/interpreterRuntime.cpp, line 366]
Event: 6.176 Thread 0x00007f77e800a000 Exception <a 'java/lang/ArrayIndexOutOfBoundsException': 145> (0x00000000ebb16d70) thrown at [/HUDSON/workspace/8-2-build-linux-amd64/jdk8u91/6644/hotspot/src/share/vm/interpreter/interpreterRuntime.cpp, line 366]
Event: 6.178 Thread 0x00007f77e800a000 Exception <a 'java/lang/ArrayIndexOutOfBoundsException': 40> (0x00000000ebb18058) thrown at [/HUDSON/workspace/8-2-build-linux-amd64/jdk8u91/6644/hotspot/src/share/vm/interpreter/interpreterRuntime.cpp, line 366]

Events (10 events):
Event: 10.321 Thread 0x00007f77e814e000 Thread exited: 0x00007f77e814e000
Event: 10.355 Thread 0x00007f77e814f000 DEOPT PACKING pc=0x00007f77d939beec sp=0x00007f77d580aff0
Event: 10.355 Thread 0x00007f77e814f000 DEOPT UNPACKING pc=0x00007f77d9047633 sp=0x00007f77d580acf0 mode 0
Event: 10.400 Thread 0x00007f77e814f000 DEOPT PACKING pc=0x00007f77d921a4b9 sp=0x00007f77d580b010
Event: 10.400 Thread 0x00007f77e814f000 DEOPT UNPACKING pc=0x00007f77d9047633 sp=0x00007f77d580ad60 mode 0
Event: 10.522 Thread 0x00007f77e814f000 DEOPT PACKING pc=0x00007f77d962a598 sp=0x00007f77d580ae00
Event: 10.522 Thread 0x00007f77e814f000 DEOPT UNPACKING pc=0x00007f77d9047633 sp=0x00007f77d580aba0 mode 0
Event: 10.584 Thread 0x00007f77e814f000 DEOPT PACKING pc=0x00007f77d9488d8a sp=0x00007f77d580b1d0
Event: 10.584 Thread 0x00007f77e814f000 DEOPT UNPACKING pc=0x00007f77d9047633 sp=0x00007f77d580af80 mode 0
Event: 10.706 Executing VM operation: ParallelGCFailedAllocation


Dynamic libraries:
00400000-00401000 r-xp 00000000 08:06 1069243                            /usr/lib/jvm/java-8-oracle/bin/java
00600000-00601000 rw-p 00000000 08:06 1069243                            /usr/lib/jvm/java-8-oracle/bin/java
01e51000-01e72000 rw-p 00000000 00:00 0                                  [heap]
c0000000-c2800000 rw-p 00000000 00:00 0 
c2800000-eab00000 ---p 00000000 00:00 0 
eab00000-f3f00000 rw-p 00000000 00:00 0 
fc600000-100000000 ---p 00000000 00:00 0 
100000000-1000c0000 rw-p 00000000 00:00 0 
1000c0000-140000000 ---p 00000000 00:00 0 
7f7788000000-7f7788021000 rw-p 00000000 00:00 0 
7f7788021000-7f778c000000 ---p 00000000 00:00 0 
7f7790000000-7f7790021000 rw-p 00000000 00:00 0 
7f7790021000-7f7794000000 ---p 00000000 00:00 0 
7f7794000000-7f7794028000 rw-p 00000000 00:00 0 
7f7794028000-7f7798000000 ---p 00000000 00:00 0 
7f7798000000-7f779802f000 rw-p 00000000 00:00 0 
7f779802f000-7f779c000000 ---p 00000000 00:00 0 
7f779c000000-7f779c021000 rw-p 00000000 00:00 0 
7f779c021000-7f77a0000000 ---p 00000000 00:00 0 
7f77a0000000-7f77a0021000 rw-p 00000000 00:00 0 
7f77a0021000-7f77a4000000 ---p 00000000 00:00 0 
7f77a4000000-7f77a4021000 rw-p 00000000 00:00 0 
7f77a4021000-7f77a8000000 ---p 00000000 00:00 0 
7f77a8000000-7f77a8829000 rw-p 00000000 00:00 0 
7f77a8829000-7f77ac000000 ---p 00000000 00:00 0 
7f77ac000000-7f77aca32000 rw-p 00000000 00:00 0 
7f77aca32000-7f77b0000000 ---p 00000000 00:00 0 
7f77b0000000-7f77b0021000 rw-p 00000000 00:00 0 
7f77b0021000-7f77b4000000 ---p 00000000 00:00 0 
7f77b4000000-7f77b46e7000 rw-p 00000000 00:00 0 
7f77b46e7000-7f77b8000000 ---p 00000000 00:00 0 
7f77b8000000-7f77b8021000 rw-p 00000000 00:00 0 
7f77b8021000-7f77bc000000 ---p 00000000 00:00 0 
7f77bc000000-7f77bc021000 rw-p 00000000 00:00 0 
7f77bc021000-7f77c0000000 ---p 00000000 00:00 0 
7f77c0000000-7f77c0021000 rw-p 00000000 00:00 0 
7f77c0021000-7f77c4000000 ---p 00000000 00:00 0 
7f77c4000000-7f77c428c000 rw-p 00000000 00:00 0 
7f77c428c000-7f77c8000000 ---p 00000000 00:00 0 
7f77c8000000-7f77c8021000 rw-p 00000000 00:00 0 
7f77c8021000-7f77cc000000 ---p 00000000 00:00 0 
7f77cc000000-7f77cc021000 rw-p 00000000 00:00 0 
7f77cc021000-7f77d0000000 ---p 00000000 00:00 0 
7f77d0000000-7f77d0021000 rw-p 00000000 00:00 0 
7f77d0021000-7f77d4000000 ---p 00000000 00:00 0 
7f77d560b000-7f77d560e000 ---p 00000000 00:00 0 
7f77d560e000-7f77d570c000 rw-p 00000000 00:00 0 
7f77d570c000-7f77d570f000 ---p 00000000 00:00 0 
7f77d570f000-7f77d580d000 rw-p 00000000 00:00 0                          [stack:13849]
7f77d580d000-7f77d5810000 ---p 00000000 00:00 0 
7f77d5810000-7f77d590e000 rw-p 00000000 00:00 0 
7f77d590e000-7f77d5911000 ---p 00000000 00:00 0 
7f77d5911000-7f77d5a0f000 rw-p 00000000 00:00 0                          [stack:13847]
7f77d5a0f000-7f77d5a12000 ---p 00000000 00:00 0 
7f77d5a12000-7f77d5b10000 rw-p 00000000 00:00 0 
7f77d5b10000-7f77d5b11000 ---p 00000000 00:00 0 
7f77d5b11000-7f77d5c11000 rw-p 00000000 00:00 0                          [stack:13820]
7f77d5c11000-7f77d5c14000 ---p 00000000 00:00 0 
7f77d5c14000-7f77d5d12000 rw-p 00000000 00:00 0                          [stack:13819]
7f77d5d12000-7f77d5d15000 ---p 00000000 00:00 0 
7f77d5d15000-7f77d5e13000 rw-p 00000000 00:00 0                          [stack:13818]
7f77d5e13000-7f77d5e16000 ---p 00000000 00:00 0 
7f77d5e16000-7f77d5f14000 rw-p 00000000 00:00 0                          [stack:13817]
7f77d5f14000-7f77d5f17000 ---p 00000000 00:00 0 
7f77d5f17000-7f77d6015000 rw-p 00000000 00:00 0                          [stack:13816]
7f77d6015000-7f77d6018000 ---p 00000000 00:00 0 
7f77d6018000-7f77d6116000 rw-p 00000000 00:00 0                          [stack:13815]
7f77d6116000-7f77d67f8000 r--p 00000000 08:06 1056724                    /usr/lib/locale/locale-archive
7f77d67f8000-7f77d67fb000 ---p 00000000 00:00 0 
7f77d67fb000-7f77d68f9000 rw-p 00000000 00:00 0                          [stack:13814]
7f77d68f9000-7f77d68fc000 ---p 00000000 00:00 0 
7f77d68fc000-7f77d69fa000 rw-p 00000000 00:00 0                          [stack:13813]
7f77d69fa000-7f77d69fb000 ---p 00000000 00:00 0 
7f77d69fb000-7f77d9000000 rw-p 00000000 00:00 0                          [stack:13812]
7f77d9000000-7f77d9680000 rwxp 00000000 00:00 0 
7f77d9680000-7f77e8000000 ---p 00000000 00:00 0 
7f77e8000000-7f77e838b000 rw-p 00000000 00:00 0 
7f77e838b000-7f77ec000000 ---p 00000000 00:00 0 
7f77ec0cc000-7f77ec0db000 r--s 000df000 08:06 917880                     /home/balveer/Android/Sdk/build-tools/23.0.3/lib/dx.jar
7f77ec0db000-7f77ecb8a000 rw-p 00000000 00:00 0 
7f77ecb8a000-7f77ecd63000 r--s 03d1f000 08:06 1191354                    /usr/lib/jvm/java-8-oracle/jre/lib/rt.jar
7f77ecd63000-7f77ed459000 rw-p 00000000 00:00 0 
7f77ed459000-7f77ed5d9000 ---p 00000000 00:00 0 
7f77ed5d9000-7f77ed7d9000 rw-p 00000000 00:00 0 
7f77ed7d9000-7f77ed7da000 ---p 00000000 00:00 0 
7f77ed7da000-7f77ed8da000 rw-p 00000000 00:00 0                          [stack:13810]
7f77ed8da000-7f77ed8db000 ---p 00000000 00:00 0 
7f77ed8db000-7f77ed9db000 rw-p 00000000 00:00 0                          [stack:13809]
7f77ed9db000-7f77ed9dc000 ---p 00000000 00:00 0 
7f77ed9dc000-7f77edadc000 rw-p 00000000 00:00 0                          [stack:13807]
7f77edadc000-7f77edadd000 ---p 00000000 00:00 0 
7f77edadd000-7f77edbf1000 rw-p 00000000 00:00 0                          [stack:13805]
7f77edbf1000-7f77edd33000 ---p 00000000 00:00 0 
7f77edd33000-7f77edd47000 rw-p 00000000 00:00 0 
7f77edd47000-7f77ede88000 ---p 00000000 00:00 0 
7f77ede88000-7f77eded3000 rw-p 00000000 00:00 0 
7f77eded3000-7f77edf33000 ---p 00000000 00:00 0 
7f77edf33000-7f77edf4e000 rw-p 00000000 00:00 0 
7f77edf4e000-7f77ee2f4000 ---p 00000000 00:00 0 
7f77ee2f4000-7f77ee30e000 r-xp 00000000 08:06 1191428                    /usr/lib/jvm/java-8-oracle/jre/lib/amd64/libzip.so
7f77ee30e000-7f77ee50e000 ---p 0001a000 08:06 1191428                    /usr/lib/jvm/java-8-oracle/jre/lib/amd64/libzip.so
7f77ee50e000-7f77ee50f000 rw-p 0001a000 08:06 1191428                    /usr/lib/jvm/java-8-oracle/jre/lib/amd64/libzip.so
7f77ee50f000-7f77ee519000 r-xp 00000000 08:06 2363511                    /lib/x86_64-linux-gnu/libnss_files-2.19.so
7f77ee519000-7f77ee718000 ---p 0000a000 08:06 2363511                    /lib/x86_64-linux-gnu/libnss_files-2.19.so
7f77ee718000-7f77ee719000 r--p 00009000 08:06 2363511                    /lib/x86_64-linux-gnu/libnss_files-2.19.so
7f77ee719000-7f77ee71a000 rw-p 0000a000 08:06 2363511                    /lib/x86_64-linux-gnu/libnss_files-2.19.so
7f77ee71a000-7f77ee725000 r-xp 00000000 08:06 2363476                    /lib/x86_64-linux-gnu/libnss_nis-2.19.so
7f77ee725000-7f77ee924000 ---p 0000b000 08:06 2363476                    /lib/x86_64-linux-gnu/libnss_nis-2.19.so
7f77ee924000-7f77ee925000 r--p 0000a000 08:06 2363476                    /lib/x86_64-linux-gnu/libnss_nis-2.19.so
7f77ee925000-7f77ee926000 rw-p 0000b000 08:06 2363476                    /lib/x86_64-linux-gnu/libnss_nis-2.19.so
7f77ee926000-7f77ee93d000 r-xp 00000000 08:06 2363436                    /lib/x86_64-linux-gnu/libnsl-2.19.so
7f77ee93d000-7f77eeb3c000 ---p 00017000 08:06 2363436                    /lib/x86_64-linux-gnu/libnsl-2.19.so
7f77eeb3c000-7f77eeb3d000 r--p 00016000 08:06 2363436                    /lib/x86_64-linux-gnu/libnsl-2.19.so
7f77eeb3d000-7f77eeb3e000 rw-p 00017000 08:06 2363436                    /lib/x86_64-linux-gnu/libnsl-2.19.so
7f77eeb3e000-7f77eeb40000 rw-p 00000000 00:00 0 
7f77eeb40000-7f77eeb49000 r-xp 00000000 08:06 2363432                    /lib/x86_64-linux-gnu/libnss_compat-2.19.so
7f77eeb49000-7f77eed48000 ---p 00009000 08:06 2363432                    /lib/x86_64-linux-gnu/libnss_compat-2.19.so
7f77eed48000-7f77eed49000 r--p 00008000 08:06 2363432                    /lib/x86_64-linux-gnu/libnss_compat-2.19.so
7f77eed49000-7f77eed4a000 rw-p 00009000 08:06 2363432                    /lib/x86_64-linux-gnu/libnss_compat-2.19.so
7f77eed4a000-7f77eed74000 r-xp 00000000 08:06 1191402                    /usr/lib/jvm/java-8-oracle/jre/lib/amd64/libjava.so
7f77eed74000-7f77eef74000 ---p 0002a000 08:06 1191402                    /usr/lib/jvm/java-8-oracle/jre/lib/amd64/libjava.so
7f77eef74000-7f77eef76000 rw-p 0002a000 08:06 1191402                    /usr/lib/jvm/java-8-oracle/jre/lib/amd64/libjava.so
7f77eef76000-7f77eef83000 r-xp 00000000 08:06 1191392                    /usr/lib/jvm/java-8-oracle/jre/lib/amd64/libverify.so
7f77eef83000-7f77ef183000 ---p 0000d000 08:06 1191392                    /usr/lib/jvm/java-8-oracle/jre/lib/amd64/libverify.so
7f77ef183000-7f77ef185000 rw-p 0000d000 08:06 1191392                    /usr/lib/jvm/java-8-oracle/jre/lib/amd64/libverify.so
7f77ef185000-7f77ef18c000 r-xp 00000000 08:06 2363499                    /lib/x86_64-linux-gnu/librt-2.19.so
7f77ef18c000-7f77ef38b000 ---p 00007000 08:06 2363499                    /lib/x86_64-linux-gnu/librt-2.19.so
7f77ef38b000-7f77ef38c000 r--p 00006000 08:06 2363499                    /lib/x86_64-linux-gnu/librt-2.19.so
7f77ef38c000-7f77ef38d000 rw-p 00007000 08:06 2363499                    /lib/x86_64-linux-gnu/librt-2.19.so
7f77ef38d000-7f77ef492000 r-xp 00000000 08:06 2363405                    /lib/x86_64-linux-gnu/libm-2.19.so
7f77ef492000-7f77ef691000 ---p 00105000 08:06 2363405                    /lib/x86_64-linux-gnu/libm-2.19.so
7f77ef691000-7f77ef692000 r--p 00104000 08:06 2363405                    /lib/x86_64-linux-gnu/libm-2.19.so
7f77ef692000-7f77ef693000 rw-p 00105000 08:06 2363405                    /lib/x86_64-linux-gnu/libm-2.19.so
7f77ef693000-7f77f0353000 r-xp 00000000 08:06 1191417                    /usr/lib/jvm/java-8-oracle/jre/lib/amd64/server/libjvm.so
7f77f0353000-7f77f0553000 ---p 00cc0000 08:06 1191417                    /usr/lib/jvm/java-8-oracle/jre/lib/amd64/server/libjvm.so
7f77f0553000-7f77f062b000 rw-p 00cc0000 08:06 1191417                    /usr/lib/jvm/java-8-oracle/jre/lib/amd64/server/libjvm.so
7f77f062b000-7f77f0676000 rw-p 00000000 00:00 0 
7f77f0676000-7f77f0830000 r-xp 00000000 08:06 2363501                    /lib/x86_64-linux-gnu/libc-2.19.so
7f77f0830000-7f77f0a30000 ---p 001ba000 08:06 2363501                    /lib/x86_64-linux-gnu/libc-2.19.so
7f77f0a30000-7f77f0a34000 r--p 001ba000 08:06 2363501                    /lib/x86_64-linux-gnu/libc-2.19.so
7f77f0a34000-7f77f0a36000 rw-p 001be000 08:06 2363501                    /lib/x86_64-linux-gnu/libc-2.19.so
7f77f0a36000-7f77f0a3b000 rw-p 00000000 00:00 0 
7f77f0a3b000-7f77f0a3e000 r-xp 00000000 08:06 2363409                    /lib/x86_64-linux-gnu/libdl-2.19.so
7f77f0a3e000-7f77f0c3d000 ---p 00003000 08:06 2363409                    /lib/x86_64-linux-gnu/libdl-2.19.so
7f77f0c3d000-7f77f0c3e000 r--p 00002000 08:06 2363409                    /lib/x86_64-linux-gnu/libdl-2.19.so
7f77f0c3e000-7f77f0c3f000 rw-p 00003000 08:06 2363409                    /lib/x86_64-linux-gnu/libdl-2.19.so
7f77f0c3f000-7f77f0c54000 r-xp 00000000 08:06 1069432                    /usr/lib/jvm/java-8-oracle/lib/amd64/jli/libjli.so
7f77f0c54000-7f77f0e54000 ---p 00015000 08:06 1069432                    /usr/lib/jvm/java-8-oracle/lib/amd64/jli/libjli.so
7f77f0e54000-7f77f0e55000 rw-p 00015000 08:06 1069432                    /usr/lib/jvm/java-8-oracle/lib/amd64/jli/libjli.so
7f77f0e55000-7f77f0e6e000 r-xp 00000000 08:06 2363440                    /lib/x86_64-linux-gnu/libpthread-2.19.so
7f77f0e6e000-7f77f106d000 ---p 00019000 08:06 2363440                    /lib/x86_64-linux-gnu/libpthread-2.19.so
7f77f106d000-7f77f106e000 r--p 00018000 08:06 2363440                    /lib/x86_64-linux-gnu/libpthread-2.19.so
7f77f106e000-7f77f106f000 rw-p 00019000 08:06 2363440                    /lib/x86_64-linux-gnu/libpthread-2.19.so
7f77f106f000-7f77f1073000 rw-p 00000000 00:00 0 
7f77f1073000-7f77f1096000 r-xp 00000000 08:06 2363443                    /lib/x86_64-linux-gnu/ld-2.19.so
7f77f109b000-7f77f116d000 rw-p 00000000 00:00 0 
7f77f116d000-7f77f1170000 ---p 00000000 00:00 0 
7f77f1170000-7f77f1272000 rw-p 00000000 00:00 0                          [stack:13800]
7f77f1274000-7f77f1289000 rw-p 00000000 00:00 0 
7f77f1289000-7f77f1291000 rw-s 00000000 08:06 1600788                    /tmp/hsperfdata_balveer/13794
7f77f1291000-7f77f1292000 rw-p 00000000 00:00 0 
7f77f1292000-7f77f1293000 ---p 00000000 00:00 0 
7f77f1293000-7f77f1295000 rw-p 00000000 00:00 0 
7f77f1295000-7f77f1296000 r--p 00022000 08:06 2363443                    /lib/x86_64-linux-gnu/ld-2.19.so
7f77f1296000-7f77f1297000 rw-p 00023000 08:06 2363443                    /lib/x86_64-linux-gnu/ld-2.19.so
7f77f1297000-7f77f1298000 rw-p 00000000 00:00 0 
7ffdc478a000-7ffdc47ab000 rw-p 00000000 00:00 0                          [stack]
7ffdc47bc000-7ffdc47be000 r-xp 00000000 00:00 0                          [vdso]
ffffffffff600000-ffffffffff601000 r-xp 00000000 00:00 0                  [vsyscall]

VM Arguments:
jvm_args: -Djava.awt.headless=true -Xmx1024M -Dfile.encoding=UTF-8 -Duser.country=IN -Duser.language=en -Duser.variant 
java_command: com.android.dx.command.Main --dex --force-jumbo --num-threads=4 --output /home/balveer/AndroidStudioProjects/SlidingPuzzlev-3/app/build/intermediates/pre-dexed/debug/com.android.support-appcompat-v7-23.3.0_e9a4c5ee478615285f1fb17a8c379934bff0a397.jar /home/balveer/AndroidStudioProjects/SlidingPuzzlev-3/app/build/intermediates/exploded-aar/com.android.support/appcompat-v7/23.3.0/jars/classes.jar
java_class_path (initial): /home/balveer/Android/Sdk/build-tools/23.0.3/lib/dx.jar
Launcher Type: SUN_STANDARD

Environment Variables:
JAVA_HOME=/usr/lib/jvm/java-8-oracle
PATH=/home/balveer/.local/share/umake/bin:/usr/local/sbin:/usr/local/bin:/usr/sbin:/usr/bin:/sbin:/bin:/usr/games:/usr/local/games:/usr/lib/jvm/java-8-oracle/bin:/usr/lib/jvm/java-8-oracle/db/bin:/usr/lib/jvm/java-8-oracle/jre/bin:/home/balveer/ns-allinone-2.35/bin:/home/balveer/ns-allinone-2.35/tcl8.5.10/unix:/home/balveer/ns-allinone-2.35/tk8.5.10/unix:/home/balveer/ns-allinone-2.35/ns-2.35/:/home/balveer/ns-allinone-2.35/nam-1.15/:/opt/android-studio/bin/
LD_LIBRARY_PATH=/home/balveer/.local/share/umake/android/android-studio/bin::/home/balveer/ns-allinone-2.35/otcl-1.14:/home/balveer/ns-allinone-2.35/lib:/usr/X11R6/lib:/usr/local/lib
SHELL=/bin/bash
DISPLAY=:0

Signal Handlers:
SIGSEGV: [libjvm.so+0xabca10], sa_mask[0]=11111111011111111101111111111110, sa_flags=SA_RESTART|SA_SIGINFO
SIGBUS: [libjvm.so+0xabca10], sa_mask[0]=11111111011111111101111111111110, sa_flags=SA_RESTART|SA_SIGINFO
SIGFPE: [libjvm.so+0x919a20], sa_mask[0]=11111111011111111101111111111110, sa_flags=SA_RESTART|SA_SIGINFO
SIGPIPE: [libjvm.so+0x919a20], sa_mask[0]=11111111011111111101111111111110, sa_flags=SA_RESTART|SA_SIGINFO
SIGXFSZ: [libjvm.so+0x919a20], sa_mask[0]=11111111011111111101111111111110, sa_flags=SA_RESTART|SA_SIGINFO
SIGILL: [libjvm.so+0x919a20], sa_mask[0]=11111111011111111101111111111110, sa_flags=SA_RESTART|SA_SIGINFO
SIGUSR1: SIG_DFL, sa_mask[0]=00000000000000000000000000000000, sa_flags=none
SIGUSR2: [libjvm.so+0x91b050], sa_mask[0]=00100000000000000000000000000000, sa_flags=SA_RESTART|SA_SIGINFO
SIGHUP: [libjvm.so+0x91c450], sa_mask[0]=11111111011111111101111111111110, sa_flags=SA_RESTART|SA_SIGINFO
SIGINT: [libjvm.so+0x91c450], sa_mask[0]=11111111011111111101111111111110, sa_flags=SA_RESTART|SA_SIGINFO
SIGTERM: [libjvm.so+0x91c450], sa_mask[0]=11111111011111111101111111111110, sa_flags=SA_RESTART|SA_SIGINFO
SIGQUIT: [libjvm.so+0x91c450], sa_mask[0]=11111111011111111101111111111110, sa_flags=SA_RESTART|SA_SIGINFO


---------------  S Y S T E M  ---------------

OS:DISTRIB_ID=Ubuntu
DISTRIB_RELEASE=14.04
DISTRIB_CODENAME=trusty
DISTRIB_DESCRIPTION="Ubuntu 14.04.4 LTS"

uname:Linux 3.13.0-88-generic #135-Ubuntu SMP Wed Jun 8 21:10:42 UTC 2016 x86_64
libc:glibc 2.19 NPTL 2.19 
rlimit: STACK 8192k, CORE 0k, NPROC 29988, NOFILE 4096, AS infinity
load average:18.91 7.94 3.94

/proc/meminfo:
MemTotal:        3926424 kB
MemFree:          106908 kB
Buffers:             252 kB
Cached:           368060 kB
SwapCached:            0 kB
Active:          2926524 kB
Inactive:         362988 kB
Active(anon):    2924244 kB
Inactive(anon):   351844 kB
Active(file):       2280 kB
Inactive(file):    11144 kB
Unevictable:         536 kB
Mlocked:             536 kB
SwapTotal:             0 kB
SwapFree:              0 kB
Dirty:                68 kB
Writeback:             0 kB
AnonPages:       2921820 kB
Mapped:           434352 kB
Shmem:            354804 kB
Slab:              72408 kB
SReclaimable:      32524 kB
SUnreclaim:        39884 kB
KernelStack:        5960 kB
PageTables:        40316 kB
NFS_Unstable:          0 kB
Bounce:                0 kB
WritebackTmp:          0 kB
CommitLimit:     1963212 kB
Committed_AS:    6594640 kB
VmallocTotal:   34359738367 kB
VmallocUsed:      546488 kB
VmallocChunk:   34359171504 kB
HardwareCorrupted:     0 kB
AnonHugePages:   1103872 kB
HugePages_Total:       0
HugePages_Free:        0
HugePages_Rsvd:        0
HugePages_Surp:        0
Hugepagesize:       2048 kB
DirectMap4k:       73468 kB
DirectMap2M:     3999744 kB


CPU:total 4 (2 cores per cpu, 2 threads per core) family 6 model 58 stepping 9, cmov, cx8, fxsr, mmx, sse, sse2, sse3, ssse3, sse4.1, sse4.2, popcnt, avx, clmul, erms, ht, tsc, tscinvbit, tscinv

/proc/cpuinfo:
processor	: 0
vendor_id	: GenuineIntel
cpu family	: 6
model		: 58
model name	: Intel(R) Core(TM) i3-3217U CPU @ 1.80GHz
stepping	: 9
microcode	: 0x17
cpu MHz		: 1801.000
cache size	: 3072 KB
physical id	: 0
siblings	: 4
core id		: 0
cpu cores	: 2
apicid		: 0
initial apicid	: 0
fpu		: yes
fpu_exception	: yes
cpuid level	: 13
wp		: yes
flags		: fpu vme de pse tsc msr pae mce cx8 apic sep mtrr pge mca cmov pat pse36 clflush dts acpi mmx fxsr sse sse2 ss ht tm pbe syscall nx rdtscp lm constant_tsc arch_perfmon pebs bts rep_good nopl xtopology nonstop_tsc aperfmperf eagerfpu pni pclmulqdq dtes64 monitor ds_cpl vmx est tm2 ssse3 cx16 xtpr pdcm pcid sse4_1 sse4_2 x2apic popcnt tsc_deadline_timer xsave avx f16c lahf_lm ida arat epb xsaveopt pln pts dtherm tpr_shadow vnmi flexpriority ept vpid fsgsbase smep erms
bogomips	: 3591.73
clflush size	: 64
cache_alignment	: 64
address sizes	: 36 bits physical, 48 bits virtual
power management:

processor	: 1
vendor_id	: GenuineIntel
cpu family	: 6
model		: 58
model name	: Intel(R) Core(TM) i3-3217U CPU @ 1.80GHz
stepping	: 9
microcode	: 0x17
cpu MHz		: 1801.000
cache size	: 3072 KB
physical id	: 0
siblings	: 4
core id		: 0
cpu cores	: 2
apicid		: 1
initial apicid	: 1
fpu		: yes
fpu_exception	: yes
cpuid level	: 13
wp		: yes
flags		: fpu vme de pse tsc msr pae mce cx8 apic sep mtrr pge mca cmov pat pse36 clflush dts acpi mmx fxsr sse sse2 ss ht tm pbe syscall nx rdtscp lm constant_tsc arch_perfmon pebs bts rep_good nopl xtopology nonstop_tsc aperfmperf eagerfpu pni pclmulqdq dtes64 monitor ds_cpl vmx est tm2 ssse3 cx16 xtpr pdcm pcid sse4_1 sse4_2 x2apic popcnt tsc_deadline_timer xsave avx f16c lahf_lm ida arat epb xsaveopt pln pts dtherm tpr_shadow vnmi flexpriority ept vpid fsgsbase smep erms
bogomips	: 3591.73
clflush size	: 64
cache_alignment	: 64
address sizes	: 36 bits physical, 48 bits virtual
power management:

processor	: 2
vendor_id	: GenuineIntel
cpu family	: 6
model		: 58
model name	: Intel(R) Core(TM) i3-3217U CPU @ 1.80GHz
stepping	: 9
microcode	: 0x17
cpu MHz		: 1801.000
cache size	: 3072 KB
physical id	: 0
siblings	: 4
core id		: 1
cpu cores	: 2
apicid		: 2
initial apicid	: 2
fpu		: yes
fpu_exception	: yes
cpuid level	: 13
wp		: yes
flags		: fpu vme de pse tsc msr pae mce cx8 apic sep mtrr pge mca cmov pat pse36 clflush dts acpi mmx fxsr sse sse2 ss ht tm pbe syscall nx rdtscp lm constant_tsc arch_perfmon pebs bts rep_good nopl xtopology nonstop_tsc aperfmperf eagerfpu pni pclmulqdq dtes64 monitor ds_cpl vmx est tm2 ssse3 cx16 xtpr pdcm pcid sse4_1 sse4_2 x2apic popcnt tsc_deadline_timer xsave avx f16c lahf_lm ida arat epb xsaveopt pln pts dtherm tpr_shadow vnmi flexpriority ept vpid fsgsbase smep erms
bogomips	: 3591.73
clflush size	: 64
cache_alignment	: 64
address sizes	: 36 bits physical, 48 bits virtual
power management:

processor	: 3
vendor_id	: GenuineIntel
cpu family	: 6
model		: 58
model name	: Intel(R) Core(TM) i3-3217U CPU @ 1.80GHz
stepping	: 9
microcode	: 0x17
cpu MHz		: 774.000
cache size	: 3072 KB
physical id	: 0
siblings	: 4
core id		: 1
cpu cores	: 2
apicid		: 3
initial apicid	: 3
fpu		: yes
fpu_exception	: yes
cpuid level	: 13
wp		: yes
flags		: fpu vme de pse tsc msr pae mce cx8 apic sep mtrr pge mca cmov pat pse36 clflush dts acpi mmx fxsr sse sse2 ss ht tm pbe syscall nx rdtscp lm constant_tsc arch_perfmon pebs bts rep_good nopl xtopology nonstop_tsc aperfmperf eagerfpu pni pclmulqdq dtes64 monitor ds_cpl vmx est tm2 ssse3 cx16 xtpr pdcm pcid sse4_1 sse4_2 x2apic popcnt tsc_deadline_timer xsave avx f16c lahf_lm ida arat epb xsaveopt pln pts dtherm tpr_shadow vnmi flexpriority ept vpid fsgsbase smep erms
bogomips	: 3591.73
clflush size	: 64
cache_alignment	: 64
address sizes	: 36 bits physical, 48 bits virtual
power management:



Memory: 4k page, physical 3926424k(105668k free), swap 0k(0k free)

vm_info: Java HotSpot(TM) 64-Bit Server VM (25.91-b14) for linux-amd64 JRE (1.8.0_91-b14), built on Apr  1 2016 00:57:21 by "java_re" with gcc 4.3.0 20080428 (Red Hat 4.3.0-8)

time: Fri Jun 24 23:30:32 2016
elapsed time: 42 seconds (0d 0h 0m 42s)

